<?xml version="1.0" encoding="UTF-8"?>
<testsuite name="com.google.googlejavaformat.java.SnippetFormatterTest" time="0.008" tests="5" errors="0" skipped="0" failures="0">
  <properties>
[...]
</properties>
  <testcase name="statement" classname="com.google.googlejavaformat.java.SnippetFormatterTest" time="0.002"/>
  <testcase name="compilation" classname="com.google.googlejavaformat.java.SnippetFormatterTest" time="0.002"/>
  <testcase name="compilationWithComments" classname="com.google.googlejavaformat.java.SnippetFormatterTest" time="0.001"/>
  <testcase name="expression" classname="com.google.googlejavaformat.java.SnippetFormatterTest" time="0.002"/>
  <testcase name="classMember" classname="com.google.googlejavaformat.java.SnippetFormatterTest" time="0.001"/>
</testsuite>