<?xml version="1.0" encoding="UTF-8"?>
<testsuite name="com.google.googlejavaformat.java.RemoveUnusedImportsTest" time="0.049" tests="13" errors="0" skipped="0" failures="0">
  <properties>
[...]
</properties>
  <testcase name="removeUnused[0: import java.util.List;&#10;import java.util.ArrayList;&#10;&#10;class Test {&#10;  /** could be an {@link ArrayList} */&#10;  List&lt;String&gt; xs;&#10;}&#10;]" classname="removeUnused[0: import java.util.List;&#10;import java.util.ArrayList;&#10;&#10;class Test {&#10;  /** could be an {@link ArrayList} */&#10;  List&lt;String&gt; xs;&#10;}&#10;](com.google.googlejavaformat.java.RemoveUnusedImportsTest)" time="0.029"/>
  <testcase name="removeUnused[1: import java.util.ArrayList;&#10;import java.util.Collection;&#10;/** {@link ArrayList#add} {@link Collection#remove(Object)} */&#10;class Test {}&#10;]" classname="removeUnused[1: import java.util.ArrayList;&#10;import java.util.Collection;&#10;/** {@link ArrayList#add} {@link Collection#remove(Object)} */&#10;class Test {}&#10;](com.google.googlejavaformat.java.RemoveUnusedImportsTest)" time="0.002"/>
  <testcase name="removeUnused[2: import a.A;&#10;import a.B;&#10;import a.C;&#10;class Test {&#10;  /** a&#10;   * {@link A} */&#10;  void f() {}&#10;}&#10;]" classname="removeUnused[2: import a.A;&#10;import a.B;&#10;import a.C;&#10;class Test {&#10;  /** a&#10;   * {@link A} */&#10;  void f() {}&#10;}&#10;](com.google.googlejavaformat.java.RemoveUnusedImportsTest)" time="0.002"/>
  <testcase name="removeUnused[3: import a.A;import a.B;&#10;import a.C; // hello&#10;class Test {&#10;  B b;&#10;}&#10;]" classname="removeUnused[3: import a.A;import a.B;&#10;import a.C; // hello&#10;class Test {&#10;  B b;&#10;}&#10;](com.google.googlejavaformat.java.RemoveUnusedImportsTest)" time="0.001"/>
  <testcase name="removeUnused[4: import a.A;&#10;import b.B;&#10;import c.C;&#10;import d.D;&#10;import e.E;&#10;import f.F;&#10;import g.G;&#10;import h.H;&#10;/**&#10; * {@link A} {@linkplain B} {@value D#FOO}&#10; *&#10; * @exception E&#10; * @throws F&#10; * @see C&#10; * @see H#foo&#10; * @see &lt;a href=&quot;whatever&quot;&gt;&#10; */&#10;class Test {&#10;}&#10;]" classname="removeUnused[4: import a.A;&#10;import b.B;&#10;import c.C;&#10;import d.D;&#10;import e.E;&#10;import f.F;&#10;import g.G;&#10;import h.H;&#10;/**&#10; * {@link A} {@linkplain B} {@value D#FOO}&#10; *&#10; * @exception E&#10; * @throws F&#10; * @see C&#10; * @see H#foo&#10; * @see &lt;a href=&quot;whatever&quot;&gt;&#10; */&#10;class Test {&#10;}&#10;](com.google.googlejavaformat.java.RemoveUnusedImportsTest)" time="0.003"/>
  <testcase name="removeUnused[5: import java.util.Map;&#10;/** {@link Map.Entry#containsKey(Object)} } */&#10;class Test {}&#10;]" classname="removeUnused[5: import java.util.Map;&#10;/** {@link Map.Entry#containsKey(Object)} } */&#10;class Test {}&#10;](com.google.googlejavaformat.java.RemoveUnusedImportsTest)" time="0.002"/>
  <testcase name="removeUnused[6: /** {@link #containsKey(Object)} } */&#10;class Test {}&#10;]" classname="removeUnused[6: /** {@link #containsKey(Object)} } */&#10;class Test {}&#10;](com.google.googlejavaformat.java.RemoveUnusedImportsTest)" time="0.001"/>
  <testcase name="removeUnused[7: import java.util.*;&#10;class Test {&#10;  List&lt;String&gt; xs;&#10;}&#10;]" classname="removeUnused[7: import java.util.*;&#10;class Test {&#10;  List&lt;String&gt; xs;&#10;}&#10;](com.google.googlejavaformat.java.RemoveUnusedImportsTest)" time="0.001"/>
  <testcase name="removeUnused[8: package com.foo;&#10;import static com.foo.Outer.A;&#10;import com.foo.*;&#10;import com.foo.B;&#10;import com.bar.C;&#10;class Test {&#10;  A a;&#10;  B b;&#10;  C c;&#10;}&#10;]" classname="removeUnused[8: package com.foo;&#10;import static com.foo.Outer.A;&#10;import com.foo.*;&#10;import com.foo.B;&#10;import com.bar.C;&#10;class Test {&#10;  A a;&#10;  B b;&#10;  C c;&#10;}&#10;](com.google.googlejavaformat.java.RemoveUnusedImportsTest)" time="0.002"/>
  <testcase name="removeUnused[9: import java.util.Map;&#10;import java.util.Map.Entry;&#10;/** {@link #foo(Map.Entry[])} */&#10;public class Test {}&#10;]" classname="removeUnused[9: import java.util.Map;&#10;import java.util.Map.Entry;&#10;/** {@link #foo(Map.Entry[])} */&#10;public class Test {}&#10;](com.google.googlejavaformat.java.RemoveUnusedImportsTest)" time="0.002"/>
  <testcase name="removeUnused[10: import java.util.List;&#10;import java.util.Collection;&#10;/** {@link java.util.List#containsAll(Collection)} */&#10;public class Test {}&#10;]" classname="removeUnused[10: import java.util.List;&#10;import java.util.Collection;&#10;/** {@link java.util.List#containsAll(Collection)} */&#10;public class Test {}&#10;](com.google.googlejavaformat.java.RemoveUnusedImportsTest)" time="0.002"/>
  <testcase name="removeUnused[11: package p;&#10;import java.lang.Foo;&#10;import java.lang.Foo.Bar;&#10;import p.Baz;&#10;import p.Baz.Bork;&#10;public class Test implements Foo, Bar, Baz, Bork {}&#10;]" classname="removeUnused[11: package p;&#10;import java.lang.Foo;&#10;import java.lang.Foo.Bar;&#10;import p.Baz;&#10;import p.Baz.Bork;&#10;public class Test implements Foo, Bar, Baz, Bork {}&#10;](com.google.googlejavaformat.java.RemoveUnusedImportsTest)" time="0.001"/>
  <testcase name="removeUnused[12: import java.lang.Foo;&#10;interface Test { private static void foo() {} }&#10;]" classname="removeUnused[12: import java.lang.Foo;&#10;interface Test { private static void foo() {} }&#10;](com.google.googlejavaformat.java.RemoveUnusedImportsTest)" time="0.001"/>
</testsuite>