<?xml version="1.0" encoding="UTF-8"?>
<testsuite name="com.google.googlejavaformat.java.StringWrapperIntegrationTest" time="0.312" tests="64" errors="0" skipped="0" failures="0">
  <properties>
[...]
</properties>
  <testcase name="testCRLF[0]" classname="com.google.googlejavaformat.java.StringWrapperIntegrationTest" time="0.011"/>
  <testcase name="testCR[0]" classname="com.google.googlejavaformat.java.StringWrapperIntegrationTest" time="0.007"/>
  <testcase name="test[0]" classname="com.google.googlejavaformat.java.StringWrapperIntegrationTest" time="0.011"/>
  <testcase name="idempotent[0]" classname="com.google.googlejavaformat.java.StringWrapperIntegrationTest" time="0.009"/>
  <testcase name="testCRLF[1]" classname="com.google.googlejavaformat.java.StringWrapperIntegrationTest" time="0.004"/>
  <testcase name="testCR[1]" classname="com.google.googlejavaformat.java.StringWrapperIntegrationTest" time="0.005"/>
  <testcase name="test[1]" classname="com.google.googlejavaformat.java.StringWrapperIntegrationTest" time="0.004"/>
  <testcase name="idempotent[1]" classname="com.google.googlejavaformat.java.StringWrapperIntegrationTest" time="0.005"/>
  <testcase name="testCRLF[2]" classname="com.google.googlejavaformat.java.StringWrapperIntegrationTest" time="0.004"/>
  <testcase name="testCR[2]" classname="com.google.googlejavaformat.java.StringWrapperIntegrationTest" time="0.006"/>
  <testcase name="test[2]" classname="com.google.googlejavaformat.java.StringWrapperIntegrationTest" time="0.006"/>
  <testcase name="idempotent[2]" classname="com.google.googlejavaformat.java.StringWrapperIntegrationTest" time="0.005"/>
  <testcase name="testCRLF[3]" classname="com.google.googlejavaformat.java.StringWrapperIntegrationTest" time="0.004"/>
  <testcase name="testCR[3]" classname="com.google.googlejavaformat.java.StringWrapperIntegrationTest" time="0.025"/>
  <testcase name="test[3]" classname="com.google.googlejavaformat.java.StringWrapperIntegrationTest" time="0.007"/>
  <testcase name="idempotent[3]" classname="com.google.googlejavaformat.java.StringWrapperIntegrationTest" time="0.004"/>
  <testcase name="testCRLF[4]" classname="com.google.googlejavaformat.java.StringWrapperIntegrationTest" time="0.004"/>
  <testcase name="testCR[4]" classname="com.google.googlejavaformat.java.StringWrapperIntegrationTest" time="0.004"/>
  <testcase name="test[4]" classname="com.google.googlejavaformat.java.StringWrapperIntegrationTest" time="0.004"/>
  <testcase name="idempotent[4]" classname="com.google.googlejavaformat.java.StringWrapperIntegrationTest" time="0.004"/>
  <testcase name="testCRLF[5]" classname="com.google.googlejavaformat.java.StringWrapperIntegrationTest" time="0.003"/>
  <testcase name="testCR[5]" classname="com.google.googlejavaformat.java.StringWrapperIntegrationTest" time="0.004"/>
  <testcase name="test[5]" classname="com.google.googlejavaformat.java.StringWrapperIntegrationTest" time="0.003"/>
  <testcase name="idempotent[5]" classname="com.google.googlejavaformat.java.StringWrapperIntegrationTest" time="0.003"/>
  <testcase name="testCRLF[6]" classname="com.google.googlejavaformat.java.StringWrapperIntegrationTest" time="0.003"/>
  <testcase name="testCR[6]" classname="com.google.googlejavaformat.java.StringWrapperIntegrationTest" time="0.004"/>
  <testcase name="test[6]" classname="com.google.googlejavaformat.java.StringWrapperIntegrationTest" time="0.004"/>
  <testcase name="idempotent[6]" classname="com.google.googlejavaformat.java.StringWrapperIntegrationTest" time="0.004"/>
  <testcase name="testCRLF[7]" classname="com.google.googlejavaformat.java.StringWrapperIntegrationTest" time="0.003"/>
  <testcase name="testCR[7]" classname="com.google.googlejavaformat.java.StringWrapperIntegrationTest" time="0.004"/>
  <testcase name="test[7]" classname="com.google.googlejavaformat.java.StringWrapperIntegrationTest" time="0.003"/>
  <testcase name="idempotent[7]" classname="com.google.googlejavaformat.java.StringWrapperIntegrationTest" time="0.005"/>
  <testcase name="testCRLF[8]" classname="com.google.googlejavaformat.java.StringWrapperIntegrationTest" time="0.003"/>
  <testcase name="testCR[8]" classname="com.google.googlejavaformat.java.StringWrapperIntegrationTest" time="0.004"/>
  <testcase name="test[8]" classname="com.google.googlejavaformat.java.StringWrapperIntegrationTest" time="0.004"/>
  <testcase name="idempotent[8]" classname="com.google.googlejavaformat.java.StringWrapperIntegrationTest" time="0.005"/>
  <testcase name="testCRLF[9]" classname="com.google.googlejavaformat.java.StringWrapperIntegrationTest" time="0.004"/>
  <testcase name="testCR[9]" classname="com.google.googlejavaformat.java.StringWrapperIntegrationTest" time="0.004"/>
  <testcase name="test[9]" classname="com.google.googlejavaformat.java.StringWrapperIntegrationTest" time="0.003"/>
  <testcase name="idempotent[9]" classname="com.google.googlejavaformat.java.StringWrapperIntegrationTest" time="0.004"/>
  <testcase name="testCRLF[10]" classname="com.google.googlejavaformat.java.StringWrapperIntegrationTest" time="0.003"/>
  <testcase name="testCR[10]" classname="com.google.googlejavaformat.java.StringWrapperIntegrationTest" time="0.003"/>
  <testcase name="test[10]" classname="com.google.googlejavaformat.java.StringWrapperIntegrationTest" time="0.004"/>
  <testcase name="idempotent[10]" classname="com.google.googlejavaformat.java.StringWrapperIntegrationTest" time="0.005"/>
  <testcase name="testCRLF[11]" classname="com.google.googlejavaformat.java.StringWrapperIntegrationTest" time="0.002"/>
  <testcase name="testCR[11]" classname="com.google.googlejavaformat.java.StringWrapperIntegrationTest" time="0.02"/>
  <testcase name="test[11]" classname="com.google.googlejavaformat.java.StringWrapperIntegrationTest" time="0.003"/>
  <testcase name="idempotent[11]" classname="com.google.googlejavaformat.java.StringWrapperIntegrationTest" time="0.004"/>
  <testcase name="testCRLF[12]" classname="com.google.googlejavaformat.java.StringWrapperIntegrationTest" time="0.004"/>
  <testcase name="testCR[12]" classname="com.google.googlejavaformat.java.StringWrapperIntegrationTest" time="0.003"/>
  <testcase name="test[12]" classname="com.google.googlejavaformat.java.StringWrapperIntegrationTest" time="0.004"/>
  <testcase name="idempotent[12]" classname="com.google.googlejavaformat.java.StringWrapperIntegrationTest" time="0.005"/>
  <testcase name="testCRLF[13]" classname="com.google.googlejavaformat.java.StringWrapperIntegrationTest" time="0.002"/>
  <testcase name="testCR[13]" classname="com.google.googlejavaformat.java.StringWrapperIntegrationTest" time="0.003"/>
  <testcase name="test[13]" classname="com.google.googlejavaformat.java.StringWrapperIntegrationTest" time="0.003"/>
  <testcase name="idempotent[13]" classname="com.google.googlejavaformat.java.StringWrapperIntegrationTest" time="0.005"/>
  <testcase name="testCRLF[14]" classname="com.google.googlejavaformat.java.StringWrapperIntegrationTest" time="0.004"/>
  <testcase name="testCR[14]" classname="com.google.googlejavaformat.java.StringWrapperIntegrationTest" time="0.004"/>
  <testcase name="test[14]" classname="com.google.googlejavaformat.java.StringWrapperIntegrationTest" time="0.004"/>
  <testcase name="idempotent[14]" classname="com.google.googlejavaformat.java.StringWrapperIntegrationTest" time="0.004"/>
  <testcase name="testCRLF[15]" classname="com.google.googlejavaformat.java.StringWrapperIntegrationTest" time="0.004"/>
  <testcase name="testCR[15]" classname="com.google.googlejavaformat.java.StringWrapperIntegrationTest" time="0.003"/>
  <testcase name="test[15]" classname="com.google.googlejavaformat.java.StringWrapperIntegrationTest" time="0.004"/>
  <testcase name="idempotent[15]" classname="com.google.googlejavaformat.java.StringWrapperIntegrationTest" time="0.005"/>
</testsuite>