<?xml version="1.0" encoding="UTF-8"?>
<testsuite name="com.google.googlejavaformat.java.ImportOrdererTest" time="0.066" tests="36" errors="0" skipped="0" failures="0">
  <properties>
[...]
</properties>
  <testcase name="reorder[0: package foo;&#10;&#10;import android.abC.Bar;&#10;import android.abc.Bar;&#10;public class Blim {}&#10;]" classname="reorder[0: package foo;&#10;&#10;import android.abC.Bar;&#10;import android.abc.Bar;&#10;public class Blim {}&#10;](com.google.googlejavaformat.java.ImportOrdererTest$AospStyle)" time="0.011"/>
  <testcase name="reorder[1: package foo;&#10;&#10;import com.android.Bar;&#10;import com.google.Bar;&#10;public class Blim {}&#10;]" classname="reorder[1: package foo;&#10;&#10;import com.android.Bar;&#10;import com.google.Bar;&#10;public class Blim {}&#10;](com.google.googlejavaformat.java.ImportOrdererTest$AospStyle)" time="0"/>
  <testcase name="reorder[2: package foo;&#10;&#10;import static net.Bar.baz;&#10;import static org.junit.Bar.baz;&#10;import static com.google.Bar.baz;&#10;import static java.lang.Bar.baz;&#10;import static junit.Bar.baz;&#10;import static javax.annotation.Bar.baz;&#10;import static android.Bar.baz;&#10;import net.Bar;&#10;import org.junit.Bar;&#10;import com.google.Bar;&#10;import java.lang.Bar;&#10;import junit.Bar;&#10;import javax.annotation.Bar;&#10;import android.Bar;&#10;public class Blim {}&#10;]" classname="reorder[2: package foo;&#10;&#10;import static net.Bar.baz;&#10;import static org.junit.Bar.baz;&#10;import static com.google.Bar.baz;&#10;import static java.lang.Bar.baz;&#10;import static junit.Bar.baz;&#10;import static javax.annotation.Bar.baz;&#10;import static android.Bar.baz;&#10;import net.Bar;&#10;import org.junit.Bar;&#10;import com.google.Bar;&#10;import java.lang.Bar;&#10;import junit.Bar;&#10;import javax.annotation.Bar;&#10;import android.Bar;&#10;public class Blim {}&#10;](com.google.googlejavaformat.java.ImportOrdererTest$AospStyle)" time="0.007"/>
  <testcase name="reorder[3: package foo;&#10;&#10;import static java.first.Bar.baz;&#10;import static com.second.Bar.baz;&#10;import com.first.Bar;&#10;import static android.second.Bar.baz;&#10;import dalvik.first.Bar;&#10;import static dalvik.first.Bar.baz;&#10;import static androidx.second.Bar.baz;&#10;import java.second.Bar;&#10;import static com.android.second.Bar.baz;&#10;import static net.first.Bar.baz;&#10;import gov.second.Bar;&#10;import junit.second.Bar;&#10;import static libcore.second.Bar.baz;&#10;import static java.second.Bar.baz;&#10;import static net.second.Bar.baz;&#10;import static org.first.Bar.baz;&#10;import static dalvik.second.Bar.baz;&#10;import javax.first.Bar;&#10;import static javax.second.Bar.baz;&#10;import android.first.Bar;&#10;import android.second.Bar;&#10;import static javax.first.Bar.baz;&#10;import androidx.first.Bar;&#10;import static androidx.first.Bar.baz;&#10;import androidx.second.Bar;&#10;import com.android.first.Bar;&#10;import gov.first.Bar;&#10;import com.android.second.Bar;&#10;import dalvik.second.Bar;&#10;import static org.second.Bar.baz;&#10;import net.first.Bar;&#10;import libcore.second.Bar;&#10;import static android.first.Bar.baz;&#10;import com.second.Bar;&#10;import static gov.second.Bar.baz;&#10;import static gov.first.Bar.baz;&#10;import static junit.first.Bar.baz;&#10;import libcore.first.Bar;&#10;import junit.first.Bar;&#10;import javax.second.Bar;&#10;import static libcore.first.Bar.baz;&#10;import net.second.Bar;&#10;import static com.first.Bar.baz;&#10;import org.second.Bar;&#10;import static junit.second.Bar.baz;&#10;import java.first.Bar;&#10;import org.first.Bar;&#10;import static com.android.first.Bar.baz;&#10;public class Blim {}&#10;]" classname="reorder[3: package foo;&#10;&#10;import static java.first.Bar.baz;&#10;import static com.second.Bar.baz;&#10;import com.first.Bar;&#10;import static android.second.Bar.baz;&#10;import dalvik.first.Bar;&#10;import static dalvik.first.Bar.baz;&#10;import static androidx.second.Bar.baz;&#10;import java.second.Bar;&#10;import static com.android.second.Bar.baz;&#10;import static net.first.Bar.baz;&#10;import gov.second.Bar;&#10;import junit.second.Bar;&#10;import static libcore.second.Bar.baz;&#10;import static java.second.Bar.baz;&#10;import static net.second.Bar.baz;&#10;import static org.first.Bar.baz;&#10;import static dalvik.second.Bar.baz;&#10;import javax.first.Bar;&#10;import static javax.second.Bar.baz;&#10;import android.first.Bar;&#10;import android.second.Bar;&#10;import static javax.first.Bar.baz;&#10;import androidx.first.Bar;&#10;import static androidx.first.Bar.baz;&#10;import androidx.second.Bar;&#10;import com.android.first.Bar;&#10;import gov.first.Bar;&#10;import com.android.second.Bar;&#10;import dalvik.second.Bar;&#10;import static org.second.Bar.baz;&#10;import net.first.Bar;&#10;import libcore.second.Bar;&#10;import static android.first.Bar.baz;&#10;import com.second.Bar;&#10;import static gov.second.Bar.baz;&#10;import static gov.first.Bar.baz;&#10;import static junit.first.Bar.baz;&#10;import libcore.first.Bar;&#10;import junit.first.Bar;&#10;import javax.second.Bar;&#10;import static libcore.first.Bar.baz;&#10;import net.second.Bar;&#10;import static com.first.Bar.baz;&#10;import org.second.Bar;&#10;import static junit.second.Bar.baz;&#10;import java.first.Bar;&#10;import org.first.Bar;&#10;import static com.android.first.Bar.baz;&#10;public class Blim {}&#10;](com.google.googlejavaformat.java.ImportOrdererTest$AospStyle)" time="0.012"/>
  <testcase name="reorder[0: &#10;]" classname="reorder[0: &#10;](com.google.googlejavaformat.java.ImportOrdererTest$GoogleStyle)" time="0.001"/>
  <testcase name="reorder[1: foo&#10;bar&#10;]" classname="reorder[1: foo&#10;bar&#10;](com.google.googlejavaformat.java.ImportOrdererTest$GoogleStyle)" time="0.002"/>
  <testcase name="reorder[2: package foo;&#10;&#10;import com.google.first.Bar;&#10;&#10;public class Blim {}&#10;]" classname="reorder[2: package foo;&#10;&#10;import com.google.first.Bar;&#10;&#10;public class Blim {}&#10;](com.google.googlejavaformat.java.ImportOrdererTest$GoogleStyle)" time="0.001"/>
  <testcase name="reorder[3: package foo;&#10;&#10;import com.google.first.Bar;&#10;import com.google.second.Foo;&#10;&#10;public class Blim {}&#10;]" classname="reorder[3: package foo;&#10;&#10;import com.google.first.Bar;&#10;import com.google.second.Foo;&#10;&#10;public class Blim {}&#10;](com.google.googlejavaformat.java.ImportOrdererTest$GoogleStyle)" time="0.002"/>
  <testcase name="reorder[4: package foo;&#10;&#10;import com.google.second.Foo;&#10;import com.google.first.Bar;&#10;&#10;public class Blim {}&#10;]" classname="reorder[4: package foo;&#10;&#10;import com.google.second.Foo;&#10;import com.google.first.Bar;&#10;&#10;public class Blim {}&#10;](com.google.googlejavaformat.java.ImportOrdererTest$GoogleStyle)" time="0.001"/>
  <testcase name="reorder[5: import java.util.Collection;&#10;// BUG: diagnostic contains&#10;import java.util.List;&#10;&#10;class B74235047 {}&#10;]" classname="reorder[5: import java.util.Collection;&#10;// BUG: diagnostic contains&#10;import java.util.List;&#10;&#10;class B74235047 {}&#10;](com.google.googlejavaformat.java.ImportOrdererTest$GoogleStyle)" time="0.001"/>
  <testcase name="reorder[6: import java.util.Set;&#10;import java.util.Collection;&#10;// BUG: diagnostic contains&#10;import java.util.List;&#10;&#10;class B74235047 {}&#10;]" classname="reorder[6: import java.util.Set;&#10;import java.util.Collection;&#10;// BUG: diagnostic contains&#10;import java.util.List;&#10;&#10;class B74235047 {}&#10;](com.google.googlejavaformat.java.ImportOrdererTest$GoogleStyle)" time="0.001"/>
  <testcase name="reorder[7: import java.util.List;&#10;// BUG: diagnostic contains&#10;import java.util.Set;&#10;import java.util.Collection;&#10;&#10;class B74235047 {}&#10;]" classname="reorder[7: import java.util.List;&#10;// BUG: diagnostic contains&#10;import java.util.Set;&#10;import java.util.Collection;&#10;&#10;class B74235047 {}&#10;](com.google.googlejavaformat.java.ImportOrdererTest$GoogleStyle)" time="0.002"/>
  <testcase name="reorder[8: // BEGIN-STRIP&#10;import com.google.testing.testsize.MediumTest;&#10;import com.google.testing.testsize.MediumTestAttribute;&#10;// END-STRIP&#10;&#10;class B74235047 {}&#10;]" classname="reorder[8: // BEGIN-STRIP&#10;import com.google.testing.testsize.MediumTest;&#10;import com.google.testing.testsize.MediumTestAttribute;&#10;// END-STRIP&#10;&#10;class B74235047 {}&#10;](com.google.googlejavaformat.java.ImportOrdererTest$GoogleStyle)" time="0.001"/>
  <testcase name="reorder[9: import com.google.testing.testsize.MediumTest;          // Keep this import&#10;import com.google.testing.testsize.MediumTestAttribute; // Keep this import&#10;&#10;class B74235047 {}&#10;]" classname="reorder[9: import com.google.testing.testsize.MediumTest;          // Keep this import&#10;import com.google.testing.testsize.MediumTestAttribute; // Keep this import&#10;&#10;class B74235047 {}&#10;](com.google.googlejavaformat.java.ImportOrdererTest$GoogleStyle)" time="0.001"/>
  <testcase name="reorder[10: import java.util.Set;&#10;import java.util.List;&#10;&#10;// This comment doesn&apos;t get moved because of the blank line.&#10;&#10;class B74235047 {}&#10;]" classname="reorder[10: import java.util.Set;&#10;import java.util.List;&#10;&#10;// This comment doesn&apos;t get moved because of the blank line.&#10;&#10;class B74235047 {}&#10;](com.google.googlejavaformat.java.ImportOrdererTest$GoogleStyle)" time="0.001"/>
  <testcase name="reorder[11: import b.B;&#10;// MOE: end_strip&#10;import c.C;&#10;// MOE: begin_strip&#10;import a.A;&#10;&#10;class B74235047 {}&#10;]" classname="reorder[11: import b.B;&#10;// MOE: end_strip&#10;import c.C;&#10;// MOE: begin_strip&#10;import a.A;&#10;&#10;class B74235047 {}&#10;](com.google.googlejavaformat.java.ImportOrdererTest$GoogleStyle)" time="0.001"/>
  <testcase name="reorder[12: package foo;&#10;&#10;import com.google.second.Foo;;&#10;import com.google.first.Bar;;&#10;&#10;public class Blim {}&#10;]" classname="reorder[12: package foo;&#10;&#10;import com.google.second.Foo;;&#10;import com.google.first.Bar;;&#10;&#10;public class Blim {}&#10;](com.google.googlejavaformat.java.ImportOrdererTest$GoogleStyle)" time="0.001"/>
  <testcase name="reorder[13: package foo;&#10;&#10;import com.google.second.Foo;&#10;import com.google.first.Bar;&#10;import com.google.second.Foo;&#10;import com.google.first.Bar;&#10;&#10;public class Blim {}&#10;]" classname="reorder[13: package foo;&#10;&#10;import com.google.second.Foo;&#10;import com.google.first.Bar;&#10;import com.google.second.Foo;&#10;import com.google.first.Bar;&#10;&#10;public class Blim {}&#10;](com.google.googlejavaformat.java.ImportOrdererTest$GoogleStyle)" time="0.001"/>
  <testcase name="reorder[14: package foo;&#10;&#10;import com.google.second.*;&#10;import com.google.first.Bar;&#10;import com.google.first.*;&#10;&#10;public class Blim {}&#10;]" classname="reorder[14: package foo;&#10;&#10;import com.google.second.*;&#10;import com.google.first.Bar;&#10;import com.google.first.*;&#10;&#10;public class Blim {}&#10;](com.google.googlejavaformat.java.ImportOrdererTest$GoogleStyle)" time="0.001"/>
  <testcase name="reorder[15: package com.google.example;&#10;&#10;import com.google.common.base.Preconditions;&#10;&#10;import org.junit.runner.RunWith;&#10;import org.junit.runners.JUnit4;&#10;&#10;import java.util.List;&#10;&#10;import javax.annotations.Nullable;&#10;&#10;import static org.junit.Assert.fail;&#10;import static com.google.truth.Truth.assertThat;&#10;&#10;@RunWith(JUnit4.class)&#10;public class SomeTest {}&#10;]" classname="reorder[15: package com.google.example;&#10;&#10;import com.google.common.base.Preconditions;&#10;&#10;import org.junit.runner.RunWith;&#10;import org.junit.runners.JUnit4;&#10;&#10;import java.util.List;&#10;&#10;import javax.annotations.Nullable;&#10;&#10;import static org.junit.Assert.fail;&#10;import static com.google.truth.Truth.assertThat;&#10;&#10;@RunWith(JUnit4.class)&#10;public class SomeTest {}&#10;](com.google.googlejavaformat.java.ImportOrdererTest$GoogleStyle)" time="0.001"/>
  <testcase name="reorder[16:   import  com.foo.Second;&#10;  import com.foo.First;&#10;  public class Foo {}&#10;]" classname="reorder[16:   import  com.foo.Second;&#10;  import com.foo.First;&#10;  public class Foo {}&#10;](com.google.googlejavaformat.java.ImportOrdererTest$GoogleStyle)" time="0.001"/>
  <testcase name="reorder[17: package com.google.example;&#10;&#10;import]" classname="reorder[17: package com.google.example;&#10;&#10;import](com.google.googlejavaformat.java.ImportOrdererTest$GoogleStyle)" time="0.004"/>
  <testcase name="reorder[18: package com.google.example;&#10;&#10;import&#10;]" classname="reorder[18: package com.google.example;&#10;&#10;import&#10;](com.google.googlejavaformat.java.ImportOrdererTest$GoogleStyle)" time="0.001"/>
  <testcase name="reorder[19: package com.google.example;&#10;&#10;import foo]" classname="reorder[19: package com.google.example;&#10;&#10;import foo](com.google.googlejavaformat.java.ImportOrdererTest$GoogleStyle)" time="0.001"/>
  <testcase name="reorder[20: package com.google.example;&#10;&#10;import foo.]" classname="reorder[20: package com.google.example;&#10;&#10;import foo.](com.google.googlejavaformat.java.ImportOrdererTest$GoogleStyle)" time="0.002"/>
  <testcase name="reorder[21: import com.foo.Second;&#10;import com.foo.First;&#10;/* we don&apos;t support block comments&#10;   between imports either */&#10;import com.foo.Third;&#10;]" classname="reorder[21: import com.foo.Second;&#10;import com.foo.First;&#10;/* we don&apos;t support block comments&#10;   between imports either */&#10;import com.foo.Third;&#10;](com.google.googlejavaformat.java.ImportOrdererTest$GoogleStyle)" time="0.001"/>
  <testcase name="reorder[22: import com.foo.Second; /* no block comments after imports */&#10;import com.foo.First;&#10;]" classname="reorder[22: import com.foo.Second; /* no block comments after imports */&#10;import com.foo.First;&#10;](com.google.googlejavaformat.java.ImportOrdererTest$GoogleStyle)" time="0.001"/>
  <testcase name="reorder[23: import com.foo.Second;&#10;import com.foo.First;&#10;/* but we&apos;re not fooled by comments that look like imports:&#10;import com.foo.Third;&#10;*/&#10;]" classname="reorder[23: import com.foo.Second;&#10;import com.foo.First;&#10;/* but we&apos;re not fooled by comments that look like imports:&#10;import com.foo.Third;&#10;*/&#10;](com.google.googlejavaformat.java.ImportOrdererTest$GoogleStyle)" time="0.001"/>
  <testcase name="reorder[24: import com . foo . Second ;&#10;import com.foo.First;&#10;]" classname="reorder[24: import com . foo . Second ;&#10;import com.foo.First;&#10;](com.google.googlejavaformat.java.ImportOrdererTest$GoogleStyle)" time="0.001"/>
  <testcase name="reorder[25: import com.abc.@;&#10;import com.abc.@@;&#10;]" classname="reorder[25: import com.abc.@;&#10;import com.abc.@@;&#10;](com.google.googlejavaformat.java.ImportOrdererTest$GoogleStyle)" time="0.001"/>
  <testcase name="reorder[26: import com.abc.3;&#10;import com.abc.2;&#10;]" classname="reorder[26: import com.abc.3;&#10;import com.abc.2;&#10;](com.google.googlejavaformat.java.ImportOrdererTest$GoogleStyle)" time="0.001"/>
  <testcase name="reorder[27: import com.foo.Second&#10;import com.foo.First;&#10;]" classname="reorder[27: import com.foo.Second&#10;import com.foo.First;&#10;](com.google.googlejavaformat.java.ImportOrdererTest$GoogleStyle)" time="0.001"/>
  <testcase name="reorder[28: import com.foo.Second; import com.foo.First;&#10;class Test {}&#10;]" classname="reorder[28: import com.foo.Second; import com.foo.First;&#10;class Test {}&#10;](com.google.googlejavaformat.java.ImportOrdererTest$GoogleStyle)" time="0"/>
  <testcase name="reorder[29: import com.foo.Second; import com.foo.First; class Test {}&#10;]" classname="reorder[29: import com.foo.Second; import com.foo.First; class Test {}&#10;](com.google.googlejavaformat.java.ImportOrdererTest$GoogleStyle)" time="0"/>
  <testcase name="reorder[30: package p;&#10;&#10;/** test */&#10;&#10;import a.A;&#10;&#10;/** test */&#10;&#10;class Test {}&#10;]" classname="reorder[30: package p;&#10;&#10;/** test */&#10;&#10;import a.A;&#10;&#10;/** test */&#10;&#10;class Test {}&#10;](com.google.googlejavaformat.java.ImportOrdererTest$GoogleStyle)" time="0.001"/>
  <testcase name="reorder[31: package p; import a.A; class Test {}&#10;]" classname="reorder[31: package p; import a.A; class Test {}&#10;](com.google.googlejavaformat.java.ImportOrdererTest$GoogleStyle)" time="0"/>
</testsuite>