<?xml version="1.0" encoding="UTF-8"?>
<testsuite name="com.google.googlejavaformat.java.FormatterIntegrationTest" time="1.907" tests="680" errors="0" skipped="0" failures="0">
  <properties>
[...]
</properties>
  <testcase name="format[0: A]" classname="com.google.googlejavaformat.java.FormatterIntegrationTest" time="0.043"/>
  <testcase name="idempotentCR[0: A]" classname="com.google.googlejavaformat.java.FormatterIntegrationTest" time="0.028"/>
  <testcase name="idempotentLF[0: A]" classname="com.google.googlejavaformat.java.FormatterIntegrationTest" time="0.023"/>
  <testcase name="idempotentCRLF[0: A]" classname="com.google.googlejavaformat.java.FormatterIntegrationTest" time="0.02"/>
  <testcase name="format[1: B]" classname="com.google.googlejavaformat.java.FormatterIntegrationTest" time="0.005"/>
  <testcase name="idempotentCR[1: B]" classname="com.google.googlejavaformat.java.FormatterIntegrationTest" time="0.003"/>
  <testcase name="idempotentLF[1: B]" classname="com.google.googlejavaformat.java.FormatterIntegrationTest" time="0.002"/>
  <testcase name="idempotentCRLF[1: B]" classname="com.google.googlejavaformat.java.FormatterIntegrationTest" time="0.004"/>
  <testcase name="format[2: B112853497]" classname="com.google.googlejavaformat.java.FormatterIntegrationTest" time="0.004"/>
  <testcase name="idempotentCR[2: B112853497]" classname="com.google.googlejavaformat.java.FormatterIntegrationTest" time="0.003"/>
  <testcase name="idempotentLF[2: B112853497]" classname="com.google.googlejavaformat.java.FormatterIntegrationTest" time="0.003"/>
  <testcase name="idempotentCRLF[2: B112853497]" classname="com.google.googlejavaformat.java.FormatterIntegrationTest" time="0.002"/>
  <testcase name="format[3: B124394008]" classname="com.google.googlejavaformat.java.FormatterIntegrationTest" time="0.003"/>
  <testcase name="idempotentCR[3: B124394008]" classname="com.google.googlejavaformat.java.FormatterIntegrationTest" time="0.002"/>
  <testcase name="idempotentLF[3: B124394008]" classname="com.google.googlejavaformat.java.FormatterIntegrationTest" time="0.002"/>
  <testcase name="idempotentCRLF[3: B124394008]" classname="com.google.googlejavaformat.java.FormatterIntegrationTest" time="0.003"/>
  <testcase name="format[4: B126411718]" classname="com.google.googlejavaformat.java.FormatterIntegrationTest" time="0.003"/>
  <testcase name="idempotentCR[4: B126411718]" classname="com.google.googlejavaformat.java.FormatterIntegrationTest" time="0.002"/>
  <testcase name="idempotentLF[4: B126411718]" classname="com.google.googlejavaformat.java.FormatterIntegrationTest" time="0.002"/>
  <testcase name="idempotentCRLF[4: B126411718]" classname="com.google.googlejavaformat.java.FormatterIntegrationTest" time="0.002"/>
  <testcase name="format[5: B142553964]" classname="com.google.googlejavaformat.java.FormatterIntegrationTest" time="0.002"/>
  <testcase name="idempotentCR[5: B142553964]" classname="com.google.googlejavaformat.java.FormatterIntegrationTest" time="0.002"/>
  <testcase name="idempotentLF[5: B142553964]" classname="com.google.googlejavaformat.java.FormatterIntegrationTest" time="0.001"/>
  <testcase name="idempotentCRLF[5: B142553964]" classname="com.google.googlejavaformat.java.FormatterIntegrationTest" time="0.001"/>
  <testcase name="format[6: B154342628]" classname="com.google.googlejavaformat.java.FormatterIntegrationTest" time="0.011"/>
  <testcase name="idempotentCR[6: B154342628]" classname="com.google.googlejavaformat.java.FormatterIntegrationTest" time="0.004"/>
  <testcase name="idempotentLF[6: B154342628]" classname="com.google.googlejavaformat.java.FormatterIntegrationTest" time="0.002"/>
  <testcase name="idempotentCRLF[6: B154342628]" classname="com.google.googlejavaformat.java.FormatterIntegrationTest" time="0.003"/>
  <testcase name="format[7: B18479811]" classname="com.google.googlejavaformat.java.FormatterIntegrationTest" time="0.004"/>
  <testcase name="idempotentCR[7: B18479811]" classname="com.google.googlejavaformat.java.FormatterIntegrationTest" time="0.003"/>
  <testcase name="idempotentLF[7: B18479811]" classname="com.google.googlejavaformat.java.FormatterIntegrationTest" time="0.004"/>
  <testcase name="idempotentCRLF[7: B18479811]" classname="com.google.googlejavaformat.java.FormatterIntegrationTest" time="0.003"/>
  <testcase name="format[8: B19950219]" classname="com.google.googlejavaformat.java.FormatterIntegrationTest" time="0.002"/>
  <testcase name="idempotentCR[8: B19950219]" classname="com.google.googlejavaformat.java.FormatterIntegrationTest" time="0.002"/>
  <testcase name="idempotentLF[8: B19950219]" classname="com.google.googlejavaformat.java.FormatterIntegrationTest" time="0.003"/>
  <testcase name="idempotentCRLF[8: B19950219]" classname="com.google.googlejavaformat.java.FormatterIntegrationTest" time="0.002"/>
  <testcase name="format[9: B19950468]" classname="com.google.googlejavaformat.java.FormatterIntegrationTest" time="0.001"/>
  <testcase name="idempotentCR[9: B19950468]" classname="com.google.googlejavaformat.java.FormatterIntegrationTest" time="0.002"/>
  <testcase name="idempotentLF[9: B19950468]" classname="com.google.googlejavaformat.java.FormatterIntegrationTest" time="0.002"/>
  <testcase name="idempotentCRLF[9: B19950468]" classname="com.google.googlejavaformat.java.FormatterIntegrationTest" time="0.002"/>
  <testcase name="format[10: B19950815]" classname="com.google.googlejavaformat.java.FormatterIntegrationTest" time="0.003"/>
  <testcase name="idempotentCR[10: B19950815]" classname="com.google.googlejavaformat.java.FormatterIntegrationTest" time="0.003"/>
  <testcase name="idempotentLF[10: B19950815]" classname="com.google.googlejavaformat.java.FormatterIntegrationTest" time="0.003"/>
  <testcase name="idempotentCRLF[10: B19950815]" classname="com.google.googlejavaformat.java.FormatterIntegrationTest" time="0.003"/>
  <testcase name="format[11: B19996259]" classname="com.google.googlejavaformat.java.FormatterIntegrationTest" time="0.003"/>
  <testcase name="idempotentCR[11: B19996259]" classname="com.google.googlejavaformat.java.FormatterIntegrationTest" time="0.002"/>
  <testcase name="idempotentLF[11: B19996259]" classname="com.google.googlejavaformat.java.FormatterIntegrationTest" time="0.003"/>
  <testcase name="idempotentCRLF[11: B19996259]" classname="com.google.googlejavaformat.java.FormatterIntegrationTest" time="0.003"/>
  <testcase name="format[12: B20128174]" classname="com.google.googlejavaformat.java.FormatterIntegrationTest" time="0.002"/>
  <testcase name="idempotentCR[12: B20128174]" classname="com.google.googlejavaformat.java.FormatterIntegrationTest" time="0.002"/>
  <testcase name="idempotentLF[12: B20128174]" classname="com.google.googlejavaformat.java.FormatterIntegrationTest" time="0.002"/>
  <testcase name="idempotentCRLF[12: B20128174]" classname="com.google.googlejavaformat.java.FormatterIntegrationTest" time="0.003"/>
  <testcase name="format[13: B20128588]" classname="com.google.googlejavaformat.java.FormatterIntegrationTest" time="0.01"/>
  <testcase name="idempotentCR[13: B20128588]" classname="com.google.googlejavaformat.java.FormatterIntegrationTest" time="0.009"/>
  <testcase name="idempotentLF[13: B20128588]" classname="com.google.googlejavaformat.java.FormatterIntegrationTest" time="0.009"/>
  <testcase name="idempotentCRLF[13: B20128588]" classname="com.google.googlejavaformat.java.FormatterIntegrationTest" time="0.008"/>
  <testcase name="format[14: B20128760]" classname="com.google.googlejavaformat.java.FormatterIntegrationTest" time="0.01"/>
  <testcase name="idempotentCR[14: B20128760]" classname="com.google.googlejavaformat.java.FormatterIntegrationTest" time="0.009"/>
  <testcase name="idempotentLF[14: B20128760]" classname="com.google.googlejavaformat.java.FormatterIntegrationTest" time="0.008"/>
  <testcase name="idempotentCRLF[14: B20128760]" classname="com.google.googlejavaformat.java.FormatterIntegrationTest" time="0.009"/>
  <testcase name="format[15: B20128921]" classname="com.google.googlejavaformat.java.FormatterIntegrationTest" time="0.002"/>
  <testcase name="idempotentCR[15: B20128921]" classname="com.google.googlejavaformat.java.FormatterIntegrationTest" time="0.002"/>
  <testcase name="idempotentLF[15: B20128921]" classname="com.google.googlejavaformat.java.FormatterIntegrationTest" time="0.003"/>
  <testcase name="idempotentCRLF[15: B20128921]" classname="com.google.googlejavaformat.java.FormatterIntegrationTest" time="0.002"/>
  <testcase name="format[16: B20341001]" classname="com.google.googlejavaformat.java.FormatterIntegrationTest" time="0.012"/>
  <testcase name="idempotentCR[16: B20341001]" classname="com.google.googlejavaformat.java.FormatterIntegrationTest" time="0.014"/>
  <testcase name="idempotentLF[16: B20341001]" classname="com.google.googlejavaformat.java.FormatterIntegrationTest" time="0.015"/>
  <testcase name="idempotentCRLF[16: B20341001]" classname="com.google.googlejavaformat.java.FormatterIntegrationTest" time="0.02"/>
  <testcase name="format[17: B20524742]" classname="com.google.googlejavaformat.java.FormatterIntegrationTest" time="0.001"/>
  <testcase name="idempotentCR[17: B20524742]" classname="com.google.googlejavaformat.java.FormatterIntegrationTest" time="0.002"/>
  <testcase name="idempotentLF[17: B20524742]" classname="com.google.googlejavaformat.java.FormatterIntegrationTest" time="0.002"/>
  <testcase name="idempotentCRLF[17: B20524742]" classname="com.google.googlejavaformat.java.FormatterIntegrationTest" time="0.002"/>
  <testcase name="format[18: B20529113]" classname="com.google.googlejavaformat.java.FormatterIntegrationTest" time="0.002"/>
  <testcase name="idempotentCR[18: B20529113]" classname="com.google.googlejavaformat.java.FormatterIntegrationTest" time="0.002"/>
  <testcase name="idempotentLF[18: B20529113]" classname="com.google.googlejavaformat.java.FormatterIntegrationTest" time="0.002"/>
  <testcase name="idempotentCRLF[18: B20529113]" classname="com.google.googlejavaformat.java.FormatterIntegrationTest" time="0.002"/>
  <testcase name="format[19: B20531711]" classname="com.google.googlejavaformat.java.FormatterIntegrationTest" time="0.004"/>
  <testcase name="idempotentCR[19: B20531711]" classname="com.google.googlejavaformat.java.FormatterIntegrationTest" time="0.002"/>
  <testcase name="idempotentLF[19: B20531711]" classname="com.google.googlejavaformat.java.FormatterIntegrationTest" time="0.003"/>
  <testcase name="idempotentCRLF[19: B20531711]" classname="com.google.googlejavaformat.java.FormatterIntegrationTest" time="0.002"/>
  <testcase name="format[20: B20535125]" classname="com.google.googlejavaformat.java.FormatterIntegrationTest" time="0.012"/>
  <testcase name="idempotentCR[20: B20535125]" classname="com.google.googlejavaformat.java.FormatterIntegrationTest" time="0.01"/>
  <testcase name="idempotentLF[20: B20535125]" classname="com.google.googlejavaformat.java.FormatterIntegrationTest" time="0.01"/>
  <testcase name="idempotentCRLF[20: B20535125]" classname="com.google.googlejavaformat.java.FormatterIntegrationTest" time="0.008"/>
  <testcase name="format[21: B20567842]" classname="com.google.googlejavaformat.java.FormatterIntegrationTest" time="0.002"/>
  <testcase name="idempotentCR[21: B20567842]" classname="com.google.googlejavaformat.java.FormatterIntegrationTest" time="0.003"/>
  <testcase name="idempotentLF[21: B20567842]" classname="com.google.googlejavaformat.java.FormatterIntegrationTest" time="0.003"/>
  <testcase name="idempotentCRLF[21: B20567842]" classname="com.google.googlejavaformat.java.FormatterIntegrationTest" time="0.003"/>
  <testcase name="format[22: B20569245]" classname="com.google.googlejavaformat.java.FormatterIntegrationTest" time="0.004"/>
  <testcase name="idempotentCR[22: B20569245]" classname="com.google.googlejavaformat.java.FormatterIntegrationTest" time="0.005"/>
  <testcase name="idempotentLF[22: B20569245]" classname="com.google.googlejavaformat.java.FormatterIntegrationTest" time="0.004"/>
  <testcase name="idempotentCRLF[22: B20569245]" classname="com.google.googlejavaformat.java.FormatterIntegrationTest" time="0.005"/>
  <testcase name="format[23: B20577626]" classname="com.google.googlejavaformat.java.FormatterIntegrationTest" time="0.002"/>
  <testcase name="idempotentCR[23: B20577626]" classname="com.google.googlejavaformat.java.FormatterIntegrationTest" time="0.002"/>
  <testcase name="idempotentLF[23: B20577626]" classname="com.google.googlejavaformat.java.FormatterIntegrationTest" time="0.002"/>
  <testcase name="idempotentCRLF[23: B20577626]" classname="com.google.googlejavaformat.java.FormatterIntegrationTest" time="0.003"/>
  <testcase name="format[24: B20578077]" classname="com.google.googlejavaformat.java.FormatterIntegrationTest" time="0.003"/>
  <testcase name="idempotentCR[24: B20578077]" classname="com.google.googlejavaformat.java.FormatterIntegrationTest" time="0.003"/>
  <testcase name="idempotentLF[24: B20578077]" classname="com.google.googlejavaformat.java.FormatterIntegrationTest" time="0.002"/>
  <testcase name="idempotentCRLF[24: B20578077]" classname="com.google.googlejavaformat.java.FormatterIntegrationTest" time="0.003"/>
  <testcase name="format[25: B20580212]" classname="com.google.googlejavaformat.java.FormatterIntegrationTest" time="0.003"/>
  <testcase name="idempotentCR[25: B20580212]" classname="com.google.googlejavaformat.java.FormatterIntegrationTest" time="0.003"/>
  <testcase name="idempotentLF[25: B20580212]" classname="com.google.googlejavaformat.java.FormatterIntegrationTest" time="0.002"/>
  <testcase name="idempotentCRLF[25: B20580212]" classname="com.google.googlejavaformat.java.FormatterIntegrationTest" time="0.003"/>
  <testcase name="format[26: B20701054]" classname="com.google.googlejavaformat.java.FormatterIntegrationTest" time="0.018"/>
  <testcase name="idempotentCR[26: B20701054]" classname="com.google.googlejavaformat.java.FormatterIntegrationTest" time="0.016"/>
  <testcase name="idempotentLF[26: B20701054]" classname="com.google.googlejavaformat.java.FormatterIntegrationTest" time="0.012"/>
  <testcase name="idempotentCRLF[26: B20701054]" classname="com.google.googlejavaformat.java.FormatterIntegrationTest" time="0.013"/>
  <testcase name="format[27: B20844369]" classname="com.google.googlejavaformat.java.FormatterIntegrationTest" time="0.005"/>
  <testcase name="idempotentCR[27: B20844369]" classname="com.google.googlejavaformat.java.FormatterIntegrationTest" time="0.003"/>
  <testcase name="idempotentLF[27: B20844369]" classname="com.google.googlejavaformat.java.FormatterIntegrationTest" time="0.004"/>
  <testcase name="idempotentCRLF[27: B20844369]" classname="com.google.googlejavaformat.java.FormatterIntegrationTest" time="0.003"/>
  <testcase name="format[28: B20915776]" classname="com.google.googlejavaformat.java.FormatterIntegrationTest" time="0.002"/>
  <testcase name="idempotentCR[28: B20915776]" classname="com.google.googlejavaformat.java.FormatterIntegrationTest" time="0.002"/>
  <testcase name="idempotentLF[28: B20915776]" classname="com.google.googlejavaformat.java.FormatterIntegrationTest" time="0.002"/>
  <testcase name="idempotentCRLF[28: B20915776]" classname="com.google.googlejavaformat.java.FormatterIntegrationTest" time="0.003"/>
  <testcase name="format[29: B21031147]" classname="com.google.googlejavaformat.java.FormatterIntegrationTest" time="0.002"/>
  <testcase name="idempotentCR[29: B21031147]" classname="com.google.googlejavaformat.java.FormatterIntegrationTest" time="0.002"/>
  <testcase name="idempotentLF[29: B21031147]" classname="com.google.googlejavaformat.java.FormatterIntegrationTest" time="0.002"/>
  <testcase name="idempotentCRLF[29: B21031147]" classname="com.google.googlejavaformat.java.FormatterIntegrationTest" time="0.002"/>
  <testcase name="format[30: B21105569]" classname="com.google.googlejavaformat.java.FormatterIntegrationTest" time="0.001"/>
  <testcase name="idempotentCR[30: B21105569]" classname="com.google.googlejavaformat.java.FormatterIntegrationTest" time="0.002"/>
  <testcase name="idempotentLF[30: B21105569]" classname="com.google.googlejavaformat.java.FormatterIntegrationTest" time="0.002"/>
  <testcase name="idempotentCRLF[30: B21105569]" classname="com.google.googlejavaformat.java.FormatterIntegrationTest" time="0.002"/>
  <testcase name="format[31: B21185365]" classname="com.google.googlejavaformat.java.FormatterIntegrationTest" time="0.001"/>
  <testcase name="idempotentCR[31: B21185365]" classname="com.google.googlejavaformat.java.FormatterIntegrationTest" time="0.002"/>
  <testcase name="idempotentLF[31: B21185365]" classname="com.google.googlejavaformat.java.FormatterIntegrationTest" time="0.001"/>
  <testcase name="idempotentCRLF[31: B21185365]" classname="com.google.googlejavaformat.java.FormatterIntegrationTest" time="0.002"/>
  <testcase name="format[32: B21192435]" classname="com.google.googlejavaformat.java.FormatterIntegrationTest" time="0.003"/>
  <testcase name="idempotentCR[32: B21192435]" classname="com.google.googlejavaformat.java.FormatterIntegrationTest" time="0.002"/>
  <testcase name="idempotentLF[32: B21192435]" classname="com.google.googlejavaformat.java.FormatterIntegrationTest" time="0.002"/>
  <testcase name="idempotentCRLF[32: B21192435]" classname="com.google.googlejavaformat.java.FormatterIntegrationTest" time="0.002"/>
  <testcase name="format[33: B21278211]" classname="com.google.googlejavaformat.java.FormatterIntegrationTest" time="0.003"/>
  <testcase name="idempotentCR[33: B21278211]" classname="com.google.googlejavaformat.java.FormatterIntegrationTest" time="0.002"/>
  <testcase name="idempotentLF[33: B21278211]" classname="com.google.googlejavaformat.java.FormatterIntegrationTest" time="0.002"/>
  <testcase name="idempotentCRLF[33: B21278211]" classname="com.google.googlejavaformat.java.FormatterIntegrationTest" time="0.003"/>
  <testcase name="format[34: B21283374]" classname="com.google.googlejavaformat.java.FormatterIntegrationTest" time="0.005"/>
  <testcase name="idempotentCR[34: B21283374]" classname="com.google.googlejavaformat.java.FormatterIntegrationTest" time="0.005"/>
  <testcase name="idempotentLF[34: B21283374]" classname="com.google.googlejavaformat.java.FormatterIntegrationTest" time="0.005"/>
  <testcase name="idempotentCRLF[34: B21283374]" classname="com.google.googlejavaformat.java.FormatterIntegrationTest" time="0.006"/>
  <testcase name="format[35: B21305044]" classname="com.google.googlejavaformat.java.FormatterIntegrationTest" time="0.006"/>
  <testcase name="idempotentCR[35: B21305044]" classname="com.google.googlejavaformat.java.FormatterIntegrationTest" time="0.006"/>
  <testcase name="idempotentLF[35: B21305044]" classname="com.google.googlejavaformat.java.FormatterIntegrationTest" time="0.006"/>
  <testcase name="idempotentCRLF[35: B21305044]" classname="com.google.googlejavaformat.java.FormatterIntegrationTest" time="0.005"/>
  <testcase name="format[36: B21327412]" classname="com.google.googlejavaformat.java.FormatterIntegrationTest" time="0.002"/>
  <testcase name="idempotentCR[36: B21327412]" classname="com.google.googlejavaformat.java.FormatterIntegrationTest" time="0.001"/>
  <testcase name="idempotentLF[36: B21327412]" classname="com.google.googlejavaformat.java.FormatterIntegrationTest" time="0.001"/>
  <testcase name="idempotentCRLF[36: B21327412]" classname="com.google.googlejavaformat.java.FormatterIntegrationTest" time="0.001"/>
  <testcase name="format[37: B21329312]" classname="com.google.googlejavaformat.java.FormatterIntegrationTest" time="0.002"/>
  <testcase name="idempotentCR[37: B21329312]" classname="com.google.googlejavaformat.java.FormatterIntegrationTest" time="0.002"/>
  <testcase name="idempotentLF[37: B21329312]" classname="com.google.googlejavaformat.java.FormatterIntegrationTest" time="0.002"/>
  <testcase name="idempotentCRLF[37: B21329312]" classname="com.google.googlejavaformat.java.FormatterIntegrationTest" time="0.001"/>
  <testcase name="format[38: B21331232]" classname="com.google.googlejavaformat.java.FormatterIntegrationTest" time="0.002"/>
  <testcase name="idempotentCR[38: B21331232]" classname="com.google.googlejavaformat.java.FormatterIntegrationTest" time="0.002"/>
  <testcase name="idempotentLF[38: B21331232]" classname="com.google.googlejavaformat.java.FormatterIntegrationTest" time="0.003"/>
  <testcase name="idempotentCRLF[38: B21331232]" classname="com.google.googlejavaformat.java.FormatterIntegrationTest" time="0.002"/>
  <testcase name="format[39: B21465217]" classname="com.google.googlejavaformat.java.FormatterIntegrationTest" time="0.003"/>
  <testcase name="idempotentCR[39: B21465217]" classname="com.google.googlejavaformat.java.FormatterIntegrationTest" time="0.001"/>
  <testcase name="idempotentLF[39: B21465217]" classname="com.google.googlejavaformat.java.FormatterIntegrationTest" time="0.002"/>
  <testcase name="idempotentCRLF[39: B21465217]" classname="com.google.googlejavaformat.java.FormatterIntegrationTest" time="0.002"/>
  <testcase name="format[40: B21465477]" classname="com.google.googlejavaformat.java.FormatterIntegrationTest" time="0.001"/>
  <testcase name="idempotentCR[40: B21465477]" classname="com.google.googlejavaformat.java.FormatterIntegrationTest" time="0.001"/>
  <testcase name="idempotentLF[40: B21465477]" classname="com.google.googlejavaformat.java.FormatterIntegrationTest" time="0.002"/>
  <testcase name="idempotentCRLF[40: B21465477]" classname="com.google.googlejavaformat.java.FormatterIntegrationTest" time="0.003"/>
  <testcase name="format[41: B21585653]" classname="com.google.googlejavaformat.java.FormatterIntegrationTest" time="0.001"/>
  <testcase name="idempotentCR[41: B21585653]" classname="com.google.googlejavaformat.java.FormatterIntegrationTest" time="0.007"/>
  <testcase name="idempotentLF[41: B21585653]" classname="com.google.googlejavaformat.java.FormatterIntegrationTest" time="0.001"/>
  <testcase name="idempotentCRLF[41: B21585653]" classname="com.google.googlejavaformat.java.FormatterIntegrationTest" time="0.001"/>
  <testcase name="format[42: B21608216]" classname="com.google.googlejavaformat.java.FormatterIntegrationTest" time="0.005"/>
  <testcase name="idempotentCR[42: B21608216]" classname="com.google.googlejavaformat.java.FormatterIntegrationTest" time="0.004"/>
  <testcase name="idempotentLF[42: B21608216]" classname="com.google.googlejavaformat.java.FormatterIntegrationTest" time="0.005"/>
  <testcase name="idempotentCRLF[42: B21608216]" classname="com.google.googlejavaformat.java.FormatterIntegrationTest" time="0.006"/>
  <testcase name="format[43: B21647014]" classname="com.google.googlejavaformat.java.FormatterIntegrationTest" time="0.001"/>
  <testcase name="idempotentCR[43: B21647014]" classname="com.google.googlejavaformat.java.FormatterIntegrationTest" time="0.002"/>
  <testcase name="idempotentLF[43: B21647014]" classname="com.google.googlejavaformat.java.FormatterIntegrationTest" time="0.002"/>
  <testcase name="idempotentCRLF[43: B21647014]" classname="com.google.googlejavaformat.java.FormatterIntegrationTest" time="0.002"/>
  <testcase name="format[44: B21954779]" classname="com.google.googlejavaformat.java.FormatterIntegrationTest" time="0.004"/>
  <testcase name="idempotentCR[44: B21954779]" classname="com.google.googlejavaformat.java.FormatterIntegrationTest" time="0.004"/>
  <testcase name="idempotentLF[44: B21954779]" classname="com.google.googlejavaformat.java.FormatterIntegrationTest" time="0.003"/>
  <testcase name="idempotentCRLF[44: B21954779]" classname="com.google.googlejavaformat.java.FormatterIntegrationTest" time="0.004"/>
  <testcase name="format[45: B22166687]" classname="com.google.googlejavaformat.java.FormatterIntegrationTest" time="0.002"/>
  <testcase name="idempotentCR[45: B22166687]" classname="com.google.googlejavaformat.java.FormatterIntegrationTest" time="0.002"/>
  <testcase name="idempotentLF[45: B22166687]" classname="com.google.googlejavaformat.java.FormatterIntegrationTest" time="0.003"/>
  <testcase name="idempotentCRLF[45: B22166687]" classname="com.google.googlejavaformat.java.FormatterIntegrationTest" time="0.001"/>
  <testcase name="format[46: B22169269]" classname="com.google.googlejavaformat.java.FormatterIntegrationTest" time="0.003"/>
  <testcase name="idempotentCR[46: B22169269]" classname="com.google.googlejavaformat.java.FormatterIntegrationTest" time="0.001"/>
  <testcase name="idempotentLF[46: B22169269]" classname="com.google.googlejavaformat.java.FormatterIntegrationTest" time="0.002"/>
  <testcase name="idempotentCRLF[46: B22169269]" classname="com.google.googlejavaformat.java.FormatterIntegrationTest" time="0.002"/>
  <testcase name="format[47: B22424362]" classname="com.google.googlejavaformat.java.FormatterIntegrationTest" time="0.001"/>
  <testcase name="idempotentCR[47: B22424362]" classname="com.google.googlejavaformat.java.FormatterIntegrationTest" time="0.002"/>
  <testcase name="idempotentLF[47: B22424362]" classname="com.google.googlejavaformat.java.FormatterIntegrationTest" time="0.002"/>
  <testcase name="idempotentCRLF[47: B22424362]" classname="com.google.googlejavaformat.java.FormatterIntegrationTest" time="0.001"/>
  <testcase name="format[48: B22469536]" classname="com.google.googlejavaformat.java.FormatterIntegrationTest" time="0.002"/>
  <testcase name="idempotentCR[48: B22469536]" classname="com.google.googlejavaformat.java.FormatterIntegrationTest" time="0.002"/>
  <testcase name="idempotentLF[48: B22469536]" classname="com.google.googlejavaformat.java.FormatterIntegrationTest" time="0.002"/>
  <testcase name="idempotentCRLF[48: B22469536]" classname="com.google.googlejavaformat.java.FormatterIntegrationTest" time="0.002"/>
  <testcase name="format[49: B22488373]" classname="com.google.googlejavaformat.java.FormatterIntegrationTest" time="0.001"/>
  <testcase name="idempotentCR[49: B22488373]" classname="com.google.googlejavaformat.java.FormatterIntegrationTest" time="0.002"/>
  <testcase name="idempotentLF[49: B22488373]" classname="com.google.googlejavaformat.java.FormatterIntegrationTest" time="0.002"/>
  <testcase name="idempotentCRLF[49: B22488373]" classname="com.google.googlejavaformat.java.FormatterIntegrationTest" time="0.002"/>
  <testcase name="format[50: B22610221]" classname="com.google.googlejavaformat.java.FormatterIntegrationTest" time="0.002"/>
  <testcase name="idempotentCR[50: B22610221]" classname="com.google.googlejavaformat.java.FormatterIntegrationTest" time="0.002"/>
  <testcase name="idempotentLF[50: B22610221]" classname="com.google.googlejavaformat.java.FormatterIntegrationTest" time="0.002"/>
  <testcase name="idempotentCRLF[50: B22610221]" classname="com.google.googlejavaformat.java.FormatterIntegrationTest" time="0.002"/>
  <testcase name="format[51: B22815364]" classname="com.google.googlejavaformat.java.FormatterIntegrationTest" time="0.005"/>
  <testcase name="idempotentCR[51: B22815364]" classname="com.google.googlejavaformat.java.FormatterIntegrationTest" time="0.002"/>
  <testcase name="idempotentLF[51: B22815364]" classname="com.google.googlejavaformat.java.FormatterIntegrationTest" time="0.003"/>
  <testcase name="idempotentCRLF[51: B22815364]" classname="com.google.googlejavaformat.java.FormatterIntegrationTest" time="0.003"/>
  <testcase name="format[52: B22848286]" classname="com.google.googlejavaformat.java.FormatterIntegrationTest" time="0.002"/>
  <testcase name="idempotentCR[52: B22848286]" classname="com.google.googlejavaformat.java.FormatterIntegrationTest" time="0.002"/>
  <testcase name="idempotentLF[52: B22848286]" classname="com.google.googlejavaformat.java.FormatterIntegrationTest" time="0.001"/>
  <testcase name="idempotentCRLF[52: B22848286]" classname="com.google.googlejavaformat.java.FormatterIntegrationTest" time="0.001"/>
  <testcase name="format[53: B22873322]" classname="com.google.googlejavaformat.java.FormatterIntegrationTest" time="0.003"/>
  <testcase name="idempotentCR[53: B22873322]" classname="com.google.googlejavaformat.java.FormatterIntegrationTest" time="0.002"/>
  <testcase name="idempotentLF[53: B22873322]" classname="com.google.googlejavaformat.java.FormatterIntegrationTest" time="0.002"/>
  <testcase name="idempotentCRLF[53: B22873322]" classname="com.google.googlejavaformat.java.FormatterIntegrationTest" time="0.003"/>
  <testcase name="format[54: B22913048]" classname="com.google.googlejavaformat.java.FormatterIntegrationTest" time="0.002"/>
  <testcase name="idempotentCR[54: B22913048]" classname="com.google.googlejavaformat.java.FormatterIntegrationTest" time="0.002"/>
  <testcase name="idempotentLF[54: B22913048]" classname="com.google.googlejavaformat.java.FormatterIntegrationTest" time="0.002"/>
  <testcase name="idempotentCRLF[54: B22913048]" classname="com.google.googlejavaformat.java.FormatterIntegrationTest" time="0.002"/>
  <testcase name="format[55: B23349153]" classname="com.google.googlejavaformat.java.FormatterIntegrationTest" time="0.002"/>
  <testcase name="idempotentCR[55: B23349153]" classname="com.google.googlejavaformat.java.FormatterIntegrationTest" time="0.002"/>
  <testcase name="idempotentLF[55: B23349153]" classname="com.google.googlejavaformat.java.FormatterIntegrationTest" time="0.002"/>
  <testcase name="idempotentCRLF[55: B23349153]" classname="com.google.googlejavaformat.java.FormatterIntegrationTest" time="0.002"/>
  <testcase name="format[56: B23514513]" classname="com.google.googlejavaformat.java.FormatterIntegrationTest" time="0.001"/>
  <testcase name="idempotentCR[56: B23514513]" classname="com.google.googlejavaformat.java.FormatterIntegrationTest" time="0.002"/>
  <testcase name="idempotentLF[56: B23514513]" classname="com.google.googlejavaformat.java.FormatterIntegrationTest" time="0.001"/>
  <testcase name="idempotentCRLF[56: B23514513]" classname="com.google.googlejavaformat.java.FormatterIntegrationTest" time="0.002"/>
  <testcase name="format[57: B23626035]" classname="com.google.googlejavaformat.java.FormatterIntegrationTest" time="0.002"/>
  <testcase name="idempotentCR[57: B23626035]" classname="com.google.googlejavaformat.java.FormatterIntegrationTest" time="0.001"/>
  <testcase name="idempotentLF[57: B23626035]" classname="com.google.googlejavaformat.java.FormatterIntegrationTest" time="0.002"/>
  <testcase name="idempotentCRLF[57: B23626035]" classname="com.google.googlejavaformat.java.FormatterIntegrationTest" time="0.001"/>
  <testcase name="format[58: B23708487]" classname="com.google.googlejavaformat.java.FormatterIntegrationTest" time="0.002"/>
  <testcase name="idempotentCR[58: B23708487]" classname="com.google.googlejavaformat.java.FormatterIntegrationTest" time="0.002"/>
  <testcase name="idempotentLF[58: B23708487]" classname="com.google.googlejavaformat.java.FormatterIntegrationTest" time="0.002"/>
  <testcase name="idempotentCRLF[58: B23708487]" classname="com.google.googlejavaformat.java.FormatterIntegrationTest" time="0.002"/>
  <testcase name="format[59: B23749160]" classname="com.google.googlejavaformat.java.FormatterIntegrationTest" time="0.003"/>
  <testcase name="idempotentCR[59: B23749160]" classname="com.google.googlejavaformat.java.FormatterIntegrationTest" time="0.002"/>
  <testcase name="idempotentLF[59: B23749160]" classname="com.google.googlejavaformat.java.FormatterIntegrationTest" time="0.003"/>
  <testcase name="idempotentCRLF[59: B23749160]" classname="com.google.googlejavaformat.java.FormatterIntegrationTest" time="0.002"/>
  <testcase name="format[60: B23804934]" classname="com.google.googlejavaformat.java.FormatterIntegrationTest" time="0.002"/>
  <testcase name="idempotentCR[60: B23804934]" classname="com.google.googlejavaformat.java.FormatterIntegrationTest" time="0.003"/>
  <testcase name="idempotentLF[60: B23804934]" classname="com.google.googlejavaformat.java.FormatterIntegrationTest" time="0.003"/>
  <testcase name="idempotentCRLF[60: B23804934]" classname="com.google.googlejavaformat.java.FormatterIntegrationTest" time="0.003"/>
  <testcase name="format[61: B24202287]" classname="com.google.googlejavaformat.java.FormatterIntegrationTest" time="0.003"/>
  <testcase name="idempotentCR[61: B24202287]" classname="com.google.googlejavaformat.java.FormatterIntegrationTest" time="0.003"/>
  <testcase name="idempotentLF[61: B24202287]" classname="com.google.googlejavaformat.java.FormatterIntegrationTest" time="0.002"/>
  <testcase name="idempotentCRLF[61: B24202287]" classname="com.google.googlejavaformat.java.FormatterIntegrationTest" time="0.002"/>
  <testcase name="format[62: B24494875]" classname="com.google.googlejavaformat.java.FormatterIntegrationTest" time="0.002"/>
  <testcase name="idempotentCR[62: B24494875]" classname="com.google.googlejavaformat.java.FormatterIntegrationTest" time="0.001"/>
  <testcase name="idempotentLF[62: B24494875]" classname="com.google.googlejavaformat.java.FormatterIntegrationTest" time="0.002"/>
  <testcase name="idempotentCRLF[62: B24494875]" classname="com.google.googlejavaformat.java.FormatterIntegrationTest" time="0.001"/>
  <testcase name="format[63: B24543625]" classname="com.google.googlejavaformat.java.FormatterIntegrationTest" time="0.003"/>
  <testcase name="idempotentCR[63: B24543625]" classname="com.google.googlejavaformat.java.FormatterIntegrationTest" time="0.003"/>
  <testcase name="idempotentLF[63: B24543625]" classname="com.google.googlejavaformat.java.FormatterIntegrationTest" time="0.003"/>
  <testcase name="idempotentCRLF[63: B24543625]" classname="com.google.googlejavaformat.java.FormatterIntegrationTest" time="0.002"/>
  <testcase name="format[64: B24702438]" classname="com.google.googlejavaformat.java.FormatterIntegrationTest" time="0.003"/>
  <testcase name="idempotentCR[64: B24702438]" classname="com.google.googlejavaformat.java.FormatterIntegrationTest" time="0.002"/>
  <testcase name="idempotentLF[64: B24702438]" classname="com.google.googlejavaformat.java.FormatterIntegrationTest" time="0.003"/>
  <testcase name="idempotentCRLF[64: B24702438]" classname="com.google.googlejavaformat.java.FormatterIntegrationTest" time="0.003"/>
  <testcase name="format[65: B24862959]" classname="com.google.googlejavaformat.java.FormatterIntegrationTest" time="0.001"/>
  <testcase name="idempotentCR[65: B24862959]" classname="com.google.googlejavaformat.java.FormatterIntegrationTest" time="0.002"/>
  <testcase name="idempotentLF[65: B24862959]" classname="com.google.googlejavaformat.java.FormatterIntegrationTest" time="0.002"/>
  <testcase name="idempotentCRLF[65: B24862959]" classname="com.google.googlejavaformat.java.FormatterIntegrationTest" time="0.001"/>
  <testcase name="format[66: B24909927]" classname="com.google.googlejavaformat.java.FormatterIntegrationTest" time="0.016"/>
  <testcase name="idempotentCR[66: B24909927]" classname="com.google.googlejavaformat.java.FormatterIntegrationTest" time="0.019"/>
  <testcase name="idempotentLF[66: B24909927]" classname="com.google.googlejavaformat.java.FormatterIntegrationTest" time="0.022"/>
  <testcase name="idempotentCRLF[66: B24909927]" classname="com.google.googlejavaformat.java.FormatterIntegrationTest" time="0.019"/>
  <testcase name="format[67: B24988078]" classname="com.google.googlejavaformat.java.FormatterIntegrationTest" time="0.001"/>
  <testcase name="idempotentCR[67: B24988078]" classname="com.google.googlejavaformat.java.FormatterIntegrationTest" time="0.002"/>
  <testcase name="idempotentLF[67: B24988078]" classname="com.google.googlejavaformat.java.FormatterIntegrationTest" time="0.001"/>
  <testcase name="idempotentCRLF[67: B24988078]" classname="com.google.googlejavaformat.java.FormatterIntegrationTest" time="0.002"/>
  <testcase name="format[68: B25372815]" classname="com.google.googlejavaformat.java.FormatterIntegrationTest" time="0.001"/>
  <testcase name="idempotentCR[68: B25372815]" classname="com.google.googlejavaformat.java.FormatterIntegrationTest" time="0.002"/>
  <testcase name="idempotentLF[68: B25372815]" classname="com.google.googlejavaformat.java.FormatterIntegrationTest" time="0.002"/>
  <testcase name="idempotentCRLF[68: B25372815]" classname="com.google.googlejavaformat.java.FormatterIntegrationTest" time="0.002"/>
  <testcase name="format[69: B25749989]" classname="com.google.googlejavaformat.java.FormatterIntegrationTest" time="0.001"/>
  <testcase name="idempotentCR[69: B25749989]" classname="com.google.googlejavaformat.java.FormatterIntegrationTest" time="0.002"/>
  <testcase name="idempotentLF[69: B25749989]" classname="com.google.googlejavaformat.java.FormatterIntegrationTest" time="0.001"/>
  <testcase name="idempotentCRLF[69: B25749989]" classname="com.google.googlejavaformat.java.FormatterIntegrationTest" time="0.002"/>
  <testcase name="format[70: B25787055]" classname="com.google.googlejavaformat.java.FormatterIntegrationTest" time="0.002"/>
  <testcase name="idempotentCR[70: B25787055]" classname="com.google.googlejavaformat.java.FormatterIntegrationTest" time="0.002"/>
  <testcase name="idempotentLF[70: B25787055]" classname="com.google.googlejavaformat.java.FormatterIntegrationTest" time="0.001"/>
  <testcase name="idempotentCRLF[70: B25787055]" classname="com.google.googlejavaformat.java.FormatterIntegrationTest" time="0.002"/>
  <testcase name="format[71: B25811323]" classname="com.google.googlejavaformat.java.FormatterIntegrationTest" time="0.002"/>
  <testcase name="idempotentCR[71: B25811323]" classname="com.google.googlejavaformat.java.FormatterIntegrationTest" time="0.001"/>
  <testcase name="idempotentLF[71: B25811323]" classname="com.google.googlejavaformat.java.FormatterIntegrationTest" time="0.001"/>
  <testcase name="idempotentCRLF[71: B25811323]" classname="com.google.googlejavaformat.java.FormatterIntegrationTest" time="0.001"/>
  <testcase name="format[72: B26159561]" classname="com.google.googlejavaformat.java.FormatterIntegrationTest" time="0.001"/>
  <testcase name="idempotentCR[72: B26159561]" classname="com.google.googlejavaformat.java.FormatterIntegrationTest" time="0.001"/>
  <testcase name="idempotentLF[72: B26159561]" classname="com.google.googlejavaformat.java.FormatterIntegrationTest" time="0.001"/>
  <testcase name="idempotentCRLF[72: B26159561]" classname="com.google.googlejavaformat.java.FormatterIntegrationTest" time="0.002"/>
  <testcase name="format[73: B26207047]" classname="com.google.googlejavaformat.java.FormatterIntegrationTest" time="0.003"/>
  <testcase name="idempotentCR[73: B26207047]" classname="com.google.googlejavaformat.java.FormatterIntegrationTest" time="0.004"/>
  <testcase name="idempotentLF[73: B26207047]" classname="com.google.googlejavaformat.java.FormatterIntegrationTest" time="0.002"/>
  <testcase name="idempotentCRLF[73: B26207047]" classname="com.google.googlejavaformat.java.FormatterIntegrationTest" time="0.003"/>
  <testcase name="format[74: B26275739]" classname="com.google.googlejavaformat.java.FormatterIntegrationTest" time="0.002"/>
  <testcase name="idempotentCR[74: B26275739]" classname="com.google.googlejavaformat.java.FormatterIntegrationTest" time="0.002"/>
  <testcase name="idempotentLF[74: B26275739]" classname="com.google.googlejavaformat.java.FormatterIntegrationTest" time="0.002"/>
  <testcase name="idempotentCRLF[74: B26275739]" classname="com.google.googlejavaformat.java.FormatterIntegrationTest" time="0.001"/>
  <testcase name="format[75: B26293162]" classname="com.google.googlejavaformat.java.FormatterIntegrationTest" time="0.003"/>
  <testcase name="idempotentCR[75: B26293162]" classname="com.google.googlejavaformat.java.FormatterIntegrationTest" time="0.003"/>
  <testcase name="idempotentLF[75: B26293162]" classname="com.google.googlejavaformat.java.FormatterIntegrationTest" time="0.002"/>
  <testcase name="idempotentCRLF[75: B26293162]" classname="com.google.googlejavaformat.java.FormatterIntegrationTest" time="0.002"/>
  <testcase name="format[76: B26694550]" classname="com.google.googlejavaformat.java.FormatterIntegrationTest" time="0.002"/>
  <testcase name="idempotentCR[76: B26694550]" classname="com.google.googlejavaformat.java.FormatterIntegrationTest" time="0.001"/>
  <testcase name="idempotentLF[76: B26694550]" classname="com.google.googlejavaformat.java.FormatterIntegrationTest" time="0.002"/>
  <testcase name="idempotentCRLF[76: B26694550]" classname="com.google.googlejavaformat.java.FormatterIntegrationTest" time="0.001"/>
  <testcase name="format[77: B26884608]" classname="com.google.googlejavaformat.java.FormatterIntegrationTest" time="0.003"/>
  <testcase name="idempotentCR[77: B26884608]" classname="com.google.googlejavaformat.java.FormatterIntegrationTest" time="0.004"/>
  <testcase name="idempotentLF[77: B26884608]" classname="com.google.googlejavaformat.java.FormatterIntegrationTest" time="0.002"/>
  <testcase name="idempotentCRLF[77: B26884608]" classname="com.google.googlejavaformat.java.FormatterIntegrationTest" time="0.003"/>
  <testcase name="format[78: B26928842]" classname="com.google.googlejavaformat.java.FormatterIntegrationTest" time="0.002"/>
  <testcase name="idempotentCR[78: B26928842]" classname="com.google.googlejavaformat.java.FormatterIntegrationTest" time="0.001"/>
  <testcase name="idempotentLF[78: B26928842]" classname="com.google.googlejavaformat.java.FormatterIntegrationTest" time="0.002"/>
  <testcase name="idempotentCRLF[78: B26928842]" classname="com.google.googlejavaformat.java.FormatterIntegrationTest" time="0.001"/>
  <testcase name="format[79: B26952926]" classname="com.google.googlejavaformat.java.FormatterIntegrationTest" time="0.003"/>
  <testcase name="idempotentCR[79: B26952926]" classname="com.google.googlejavaformat.java.FormatterIntegrationTest" time="0.002"/>
  <testcase name="idempotentLF[79: B26952926]" classname="com.google.googlejavaformat.java.FormatterIntegrationTest" time="0.002"/>
  <testcase name="idempotentCRLF[79: B26952926]" classname="com.google.googlejavaformat.java.FormatterIntegrationTest" time="0.003"/>
  <testcase name="format[80: B27078833]" classname="com.google.googlejavaformat.java.FormatterIntegrationTest" time="0.002"/>
  <testcase name="idempotentCR[80: B27078833]" classname="com.google.googlejavaformat.java.FormatterIntegrationTest" time="0.001"/>
  <testcase name="idempotentLF[80: B27078833]" classname="com.google.googlejavaformat.java.FormatterIntegrationTest" time="0.002"/>
  <testcase name="idempotentCRLF[80: B27078833]" classname="com.google.googlejavaformat.java.FormatterIntegrationTest" time="0.002"/>
  <testcase name="format[81: B27246427]" classname="com.google.googlejavaformat.java.FormatterIntegrationTest" time="0.002"/>
  <testcase name="idempotentCR[81: B27246427]" classname="com.google.googlejavaformat.java.FormatterIntegrationTest" time="0.003"/>
  <testcase name="idempotentLF[81: B27246427]" classname="com.google.googlejavaformat.java.FormatterIntegrationTest" time="0.002"/>
  <testcase name="idempotentCRLF[81: B27246427]" classname="com.google.googlejavaformat.java.FormatterIntegrationTest" time="0.002"/>
  <testcase name="format[82: B27602933]" classname="com.google.googlejavaformat.java.FormatterIntegrationTest" time="0.001"/>
  <testcase name="idempotentCR[82: B27602933]" classname="com.google.googlejavaformat.java.FormatterIntegrationTest" time="0.001"/>
  <testcase name="idempotentLF[82: B27602933]" classname="com.google.googlejavaformat.java.FormatterIntegrationTest" time="0.002"/>
  <testcase name="idempotentCRLF[82: B27602933]" classname="com.google.googlejavaformat.java.FormatterIntegrationTest" time="0.001"/>
  <testcase name="format[83: B28066276]" classname="com.google.googlejavaformat.java.FormatterIntegrationTest" time="0.001"/>
  <testcase name="idempotentCR[83: B28066276]" classname="com.google.googlejavaformat.java.FormatterIntegrationTest" time="0.002"/>
  <testcase name="idempotentLF[83: B28066276]" classname="com.google.googlejavaformat.java.FormatterIntegrationTest" time="0.001"/>
  <testcase name="idempotentCRLF[83: B28066276]" classname="com.google.googlejavaformat.java.FormatterIntegrationTest" time="0.002"/>
  <testcase name="format[84: B28774859]" classname="com.google.googlejavaformat.java.FormatterIntegrationTest" time="0.002"/>
  <testcase name="idempotentCR[84: B28774859]" classname="com.google.googlejavaformat.java.FormatterIntegrationTest" time="0.001"/>
  <testcase name="idempotentLF[84: B28774859]" classname="com.google.googlejavaformat.java.FormatterIntegrationTest" time="0.001"/>
  <testcase name="idempotentCRLF[84: B28774859]" classname="com.google.googlejavaformat.java.FormatterIntegrationTest" time="0.001"/>
  <testcase name="format[85: B28786284]" classname="com.google.googlejavaformat.java.FormatterIntegrationTest" time="0.001"/>
  <testcase name="idempotentCR[85: B28786284]" classname="com.google.googlejavaformat.java.FormatterIntegrationTest" time="0.002"/>
  <testcase name="idempotentLF[85: B28786284]" classname="com.google.googlejavaformat.java.FormatterIntegrationTest" time="0.001"/>
  <testcase name="idempotentCRLF[85: B28786284]" classname="com.google.googlejavaformat.java.FormatterIntegrationTest" time="0.001"/>
  <testcase name="format[86: B28788559]" classname="com.google.googlejavaformat.java.FormatterIntegrationTest" time="0.001"/>
  <testcase name="idempotentCR[86: B28788559]" classname="com.google.googlejavaformat.java.FormatterIntegrationTest" time="0.001"/>
  <testcase name="idempotentLF[86: B28788559]" classname="com.google.googlejavaformat.java.FormatterIntegrationTest" time="0.001"/>
  <testcase name="idempotentCRLF[86: B28788559]" classname="com.google.googlejavaformat.java.FormatterIntegrationTest" time="0.001"/>
  <testcase name="format[87: B29368546]" classname="com.google.googlejavaformat.java.FormatterIntegrationTest" time="0.002"/>
  <testcase name="idempotentCR[87: B29368546]" classname="com.google.googlejavaformat.java.FormatterIntegrationTest" time="0.003"/>
  <testcase name="idempotentLF[87: B29368546]" classname="com.google.googlejavaformat.java.FormatterIntegrationTest" time="0.002"/>
  <testcase name="idempotentCRLF[87: B29368546]" classname="com.google.googlejavaformat.java.FormatterIntegrationTest" time="0.003"/>
  <testcase name="format[88: B29618429]" classname="com.google.googlejavaformat.java.FormatterIntegrationTest" time="0.001"/>
  <testcase name="idempotentCR[88: B29618429]" classname="com.google.googlejavaformat.java.FormatterIntegrationTest" time="0.002"/>
  <testcase name="idempotentLF[88: B29618429]" classname="com.google.googlejavaformat.java.FormatterIntegrationTest" time="0.001"/>
  <testcase name="idempotentCRLF[88: B29618429]" classname="com.google.googlejavaformat.java.FormatterIntegrationTest" time="0.001"/>
  <testcase name="format[89: B29705613]" classname="com.google.googlejavaformat.java.FormatterIntegrationTest" time="0.002"/>
  <testcase name="idempotentCR[89: B29705613]" classname="com.google.googlejavaformat.java.FormatterIntegrationTest" time="0.001"/>
  <testcase name="idempotentLF[89: B29705613]" classname="com.google.googlejavaformat.java.FormatterIntegrationTest" time="0.001"/>
  <testcase name="idempotentCRLF[89: B29705613]" classname="com.google.googlejavaformat.java.FormatterIntegrationTest" time="0.001"/>
  <testcase name="format[90: B30153869]" classname="com.google.googlejavaformat.java.FormatterIntegrationTest" time="0.001"/>
  <testcase name="idempotentCR[90: B30153869]" classname="com.google.googlejavaformat.java.FormatterIntegrationTest" time="0.002"/>
  <testcase name="idempotentLF[90: B30153869]" classname="com.google.googlejavaformat.java.FormatterIntegrationTest" time="0.001"/>
  <testcase name="idempotentCRLF[90: B30153869]" classname="com.google.googlejavaformat.java.FormatterIntegrationTest" time="0.001"/>
  <testcase name="format[91: B30223986]" classname="com.google.googlejavaformat.java.FormatterIntegrationTest" time="0.002"/>
  <testcase name="idempotentCR[91: B30223986]" classname="com.google.googlejavaformat.java.FormatterIntegrationTest" time="0.002"/>
  <testcase name="idempotentLF[91: B30223986]" classname="com.google.googlejavaformat.java.FormatterIntegrationTest" time="0.002"/>
  <testcase name="idempotentCRLF[91: B30223986]" classname="com.google.googlejavaformat.java.FormatterIntegrationTest" time="0.002"/>
  <testcase name="format[92: B30764810]" classname="com.google.googlejavaformat.java.FormatterIntegrationTest" time="0.002"/>
  <testcase name="idempotentCR[92: B30764810]" classname="com.google.googlejavaformat.java.FormatterIntegrationTest" time="0.002"/>
  <testcase name="idempotentLF[92: B30764810]" classname="com.google.googlejavaformat.java.FormatterIntegrationTest" time="0.001"/>
  <testcase name="idempotentCRLF[92: B30764810]" classname="com.google.googlejavaformat.java.FormatterIntegrationTest" time="0.001"/>
  <testcase name="format[93: B30789352]" classname="com.google.googlejavaformat.java.FormatterIntegrationTest" time="0.008"/>
  <testcase name="idempotentCR[93: B30789352]" classname="com.google.googlejavaformat.java.FormatterIntegrationTest" time="0.001"/>
  <testcase name="idempotentLF[93: B30789352]" classname="com.google.googlejavaformat.java.FormatterIntegrationTest" time="0.001"/>
  <testcase name="idempotentCRLF[93: B30789352]" classname="com.google.googlejavaformat.java.FormatterIntegrationTest" time="0.001"/>
  <testcase name="format[94: B32114928]" classname="com.google.googlejavaformat.java.FormatterIntegrationTest" time="0.001"/>
  <testcase name="idempotentCR[94: B32114928]" classname="com.google.googlejavaformat.java.FormatterIntegrationTest" time="0.001"/>
  <testcase name="idempotentLF[94: B32114928]" classname="com.google.googlejavaformat.java.FormatterIntegrationTest" time="0.001"/>
  <testcase name="idempotentCRLF[94: B32114928]" classname="com.google.googlejavaformat.java.FormatterIntegrationTest" time="0.001"/>
  <testcase name="format[95: B32284705]" classname="com.google.googlejavaformat.java.FormatterIntegrationTest" time="0.001"/>
  <testcase name="idempotentCR[95: B32284705]" classname="com.google.googlejavaformat.java.FormatterIntegrationTest" time="0.002"/>
  <testcase name="idempotentLF[95: B32284705]" classname="com.google.googlejavaformat.java.FormatterIntegrationTest" time="0.001"/>
  <testcase name="idempotentCRLF[95: B32284705]" classname="com.google.googlejavaformat.java.FormatterIntegrationTest" time="0.001"/>
  <testcase name="format[96: B32397217]" classname="com.google.googlejavaformat.java.FormatterIntegrationTest" time="0.002"/>
  <testcase name="idempotentCR[96: B32397217]" classname="com.google.googlejavaformat.java.FormatterIntegrationTest" time="0.001"/>
  <testcase name="idempotentLF[96: B32397217]" classname="com.google.googlejavaformat.java.FormatterIntegrationTest" time="0.001"/>
  <testcase name="idempotentCRLF[96: B32397217]" classname="com.google.googlejavaformat.java.FormatterIntegrationTest" time="0.002"/>
  <testcase name="format[97: B32729600]" classname="com.google.googlejavaformat.java.FormatterIntegrationTest" time="0.001"/>
  <testcase name="idempotentCR[97: B32729600]" classname="com.google.googlejavaformat.java.FormatterIntegrationTest" time="0.001"/>
  <testcase name="idempotentLF[97: B32729600]" classname="com.google.googlejavaformat.java.FormatterIntegrationTest" time="0.002"/>
  <testcase name="idempotentCRLF[97: B32729600]" classname="com.google.googlejavaformat.java.FormatterIntegrationTest" time="0.001"/>
  <testcase name="format[98: B33358723]" classname="com.google.googlejavaformat.java.FormatterIntegrationTest" time="0.001"/>
  <testcase name="idempotentCR[98: B33358723]" classname="com.google.googlejavaformat.java.FormatterIntegrationTest" time="0.002"/>
  <testcase name="idempotentLF[98: B33358723]" classname="com.google.googlejavaformat.java.FormatterIntegrationTest" time="0.001"/>
  <testcase name="idempotentCRLF[98: B33358723]" classname="com.google.googlejavaformat.java.FormatterIntegrationTest" time="0.002"/>
  <testcase name="format[99: B35644813]" classname="com.google.googlejavaformat.java.FormatterIntegrationTest" time="0.001"/>
  <testcase name="idempotentCR[99: B35644813]" classname="com.google.googlejavaformat.java.FormatterIntegrationTest" time="0.002"/>
  <testcase name="idempotentLF[99: B35644813]" classname="com.google.googlejavaformat.java.FormatterIntegrationTest" time="0.001"/>
  <testcase name="idempotentCRLF[99: B35644813]" classname="com.google.googlejavaformat.java.FormatterIntegrationTest" time="0.002"/>
  <testcase name="format[100: B35797074]" classname="com.google.googlejavaformat.java.FormatterIntegrationTest" time="0.001"/>
  <testcase name="idempotentCR[100: B35797074]" classname="com.google.googlejavaformat.java.FormatterIntegrationTest" time="0.001"/>
  <testcase name="idempotentLF[100: B35797074]" classname="com.google.googlejavaformat.java.FormatterIntegrationTest" time="0.001"/>
  <testcase name="idempotentCRLF[100: B35797074]" classname="com.google.googlejavaformat.java.FormatterIntegrationTest" time="0.001"/>
  <testcase name="format[101: B36194204]" classname="com.google.googlejavaformat.java.FormatterIntegrationTest" time="0.001"/>
  <testcase name="idempotentCR[101: B36194204]" classname="com.google.googlejavaformat.java.FormatterIntegrationTest" time="0.001"/>
  <testcase name="idempotentLF[101: B36194204]" classname="com.google.googlejavaformat.java.FormatterIntegrationTest" time="0.002"/>
  <testcase name="idempotentCRLF[101: B36194204]" classname="com.google.googlejavaformat.java.FormatterIntegrationTest" time="0.001"/>
  <testcase name="format[102: B37629610]" classname="com.google.googlejavaformat.java.FormatterIntegrationTest" time="0.002"/>
  <testcase name="idempotentCR[102: B37629610]" classname="com.google.googlejavaformat.java.FormatterIntegrationTest" time="0.003"/>
  <testcase name="idempotentLF[102: B37629610]" classname="com.google.googlejavaformat.java.FormatterIntegrationTest" time="0.002"/>
  <testcase name="idempotentCRLF[102: B37629610]" classname="com.google.googlejavaformat.java.FormatterIntegrationTest" time="0.002"/>
  <testcase name="format[103: B37895033]" classname="com.google.googlejavaformat.java.FormatterIntegrationTest" time="0.002"/>
  <testcase name="idempotentCR[103: B37895033]" classname="com.google.googlejavaformat.java.FormatterIntegrationTest" time="0.002"/>
  <testcase name="idempotentLF[103: B37895033]" classname="com.google.googlejavaformat.java.FormatterIntegrationTest" time="0.002"/>
  <testcase name="idempotentCRLF[103: B37895033]" classname="com.google.googlejavaformat.java.FormatterIntegrationTest" time="0.001"/>
  <testcase name="format[104: B38203081]" classname="com.google.googlejavaformat.java.FormatterIntegrationTest" time="0.001"/>
  <testcase name="idempotentCR[104: B38203081]" classname="com.google.googlejavaformat.java.FormatterIntegrationTest" time="0.002"/>
  <testcase name="idempotentLF[104: B38203081]" classname="com.google.googlejavaformat.java.FormatterIntegrationTest" time="0.001"/>
  <testcase name="idempotentCRLF[104: B38203081]" classname="com.google.googlejavaformat.java.FormatterIntegrationTest" time="0.001"/>
  <testcase name="format[105: B38241237]" classname="com.google.googlejavaformat.java.FormatterIntegrationTest" time="0.002"/>
  <testcase name="idempotentCR[105: B38241237]" classname="com.google.googlejavaformat.java.FormatterIntegrationTest" time="0.001"/>
  <testcase name="idempotentLF[105: B38241237]" classname="com.google.googlejavaformat.java.FormatterIntegrationTest" time="0.001"/>
  <testcase name="idempotentCRLF[105: B38241237]" classname="com.google.googlejavaformat.java.FormatterIntegrationTest" time="0.002"/>
  <testcase name="format[106: B38352414]" classname="com.google.googlejavaformat.java.FormatterIntegrationTest" time="0.003"/>
  <testcase name="idempotentCR[106: B38352414]" classname="com.google.googlejavaformat.java.FormatterIntegrationTest" time="0.001"/>
  <testcase name="idempotentLF[106: B38352414]" classname="com.google.googlejavaformat.java.FormatterIntegrationTest" time="0.001"/>
  <testcase name="idempotentCRLF[106: B38352414]" classname="com.google.googlejavaformat.java.FormatterIntegrationTest" time="0"/>
  <testcase name="format[107: B64493529]" classname="com.google.googlejavaformat.java.FormatterIntegrationTest" time="0.002"/>
  <testcase name="idempotentCR[107: B64493529]" classname="com.google.googlejavaformat.java.FormatterIntegrationTest" time="0.001"/>
  <testcase name="idempotentLF[107: B64493529]" classname="com.google.googlejavaformat.java.FormatterIntegrationTest" time="0.001"/>
  <testcase name="idempotentCRLF[107: B64493529]" classname="com.google.googlejavaformat.java.FormatterIntegrationTest" time="0.001"/>
  <testcase name="format[108: B65214682]" classname="com.google.googlejavaformat.java.FormatterIntegrationTest" time="0.001"/>
  <testcase name="idempotentCR[108: B65214682]" classname="com.google.googlejavaformat.java.FormatterIntegrationTest" time="0.001"/>
  <testcase name="idempotentLF[108: B65214682]" classname="com.google.googlejavaformat.java.FormatterIntegrationTest" time="0.001"/>
  <testcase name="idempotentCRLF[108: B65214682]" classname="com.google.googlejavaformat.java.FormatterIntegrationTest" time="0.004"/>
  <testcase name="format[109: B72507902]" classname="com.google.googlejavaformat.java.FormatterIntegrationTest" time="0"/>
  <testcase name="idempotentCR[109: B72507902]" classname="com.google.googlejavaformat.java.FormatterIntegrationTest" time="0.002"/>
  <testcase name="idempotentLF[109: B72507902]" classname="com.google.googlejavaformat.java.FormatterIntegrationTest" time="0.002"/>
  <testcase name="idempotentCRLF[109: B72507902]" classname="com.google.googlejavaformat.java.FormatterIntegrationTest" time="0"/>
  <testcase name="format[110: C]" classname="com.google.googlejavaformat.java.FormatterIntegrationTest" time="0.008"/>
  <testcase name="idempotentCR[110: C]" classname="com.google.googlejavaformat.java.FormatterIntegrationTest" time="0.003"/>
  <testcase name="idempotentLF[110: C]" classname="com.google.googlejavaformat.java.FormatterIntegrationTest" time="0.003"/>
  <testcase name="idempotentCRLF[110: C]" classname="com.google.googlejavaformat.java.FormatterIntegrationTest" time="0.005"/>
  <testcase name="format[111: CL240367479]" classname="com.google.googlejavaformat.java.FormatterIntegrationTest" time="0"/>
  <testcase name="idempotentCR[111: CL240367479]" classname="com.google.googlejavaformat.java.FormatterIntegrationTest" time="0.001"/>
  <testcase name="idempotentLF[111: CL240367479]" classname="com.google.googlejavaformat.java.FormatterIntegrationTest" time="0.002"/>
  <testcase name="idempotentCRLF[111: CL240367479]" classname="com.google.googlejavaformat.java.FormatterIntegrationTest" time="0.001"/>
  <testcase name="format[112: D]" classname="com.google.googlejavaformat.java.FormatterIntegrationTest" time="0.003"/>
  <testcase name="idempotentCR[112: D]" classname="com.google.googlejavaformat.java.FormatterIntegrationTest" time="0.002"/>
  <testcase name="idempotentLF[112: D]" classname="com.google.googlejavaformat.java.FormatterIntegrationTest" time="0.001"/>
  <testcase name="idempotentCRLF[112: D]" classname="com.google.googlejavaformat.java.FormatterIntegrationTest" time="0.003"/>
  <testcase name="format[113: E]" classname="com.google.googlejavaformat.java.FormatterIntegrationTest" time="0.009"/>
  <testcase name="idempotentCR[113: E]" classname="com.google.googlejavaformat.java.FormatterIntegrationTest" time="0.01"/>
  <testcase name="idempotentLF[113: E]" classname="com.google.googlejavaformat.java.FormatterIntegrationTest" time="0.009"/>
  <testcase name="idempotentCRLF[113: E]" classname="com.google.googlejavaformat.java.FormatterIntegrationTest" time="0.01"/>
  <testcase name="format[114: EnumAnnotation]" classname="com.google.googlejavaformat.java.FormatterIntegrationTest" time="0.001"/>
  <testcase name="idempotentCR[114: EnumAnnotation]" classname="com.google.googlejavaformat.java.FormatterIntegrationTest" time="0.001"/>
  <testcase name="idempotentLF[114: EnumAnnotation]" classname="com.google.googlejavaformat.java.FormatterIntegrationTest" time="0.001"/>
  <testcase name="idempotentCRLF[114: EnumAnnotation]" classname="com.google.googlejavaformat.java.FormatterIntegrationTest" time="0.001"/>
  <testcase name="format[115: F]" classname="com.google.googlejavaformat.java.FormatterIntegrationTest" time="0.008"/>
  <testcase name="idempotentCR[115: F]" classname="com.google.googlejavaformat.java.FormatterIntegrationTest" time="0.008"/>
  <testcase name="idempotentLF[115: F]" classname="com.google.googlejavaformat.java.FormatterIntegrationTest" time="0.008"/>
  <testcase name="idempotentCRLF[115: F]" classname="com.google.googlejavaformat.java.FormatterIntegrationTest" time="0.008"/>
  <testcase name="format[116: Fields]" classname="com.google.googlejavaformat.java.FormatterIntegrationTest" time="0.001"/>
  <testcase name="idempotentCR[116: Fields]" classname="com.google.googlejavaformat.java.FormatterIntegrationTest" time="0.001"/>
  <testcase name="idempotentLF[116: Fields]" classname="com.google.googlejavaformat.java.FormatterIntegrationTest" time="0.001"/>
  <testcase name="idempotentCRLF[116: Fields]" classname="com.google.googlejavaformat.java.FormatterIntegrationTest" time="0.001"/>
  <testcase name="format[117: ForMany]" classname="com.google.googlejavaformat.java.FormatterIntegrationTest" time="0.001"/>
  <testcase name="idempotentCR[117: ForMany]" classname="com.google.googlejavaformat.java.FormatterIntegrationTest" time="0.002"/>
  <testcase name="idempotentLF[117: ForMany]" classname="com.google.googlejavaformat.java.FormatterIntegrationTest" time="0.001"/>
  <testcase name="idempotentCRLF[117: ForMany]" classname="com.google.googlejavaformat.java.FormatterIntegrationTest" time="0.002"/>
  <testcase name="format[118: I]" classname="com.google.googlejavaformat.java.FormatterIntegrationTest" time="0.005"/>
  <testcase name="idempotentCR[118: I]" classname="com.google.googlejavaformat.java.FormatterIntegrationTest" time="0.005"/>
  <testcase name="idempotentLF[118: I]" classname="com.google.googlejavaformat.java.FormatterIntegrationTest" time="0.004"/>
  <testcase name="idempotentCRLF[118: I]" classname="com.google.googlejavaformat.java.FormatterIntegrationTest" time="0.01"/>
  <testcase name="format[119: I1]" classname="com.google.googlejavaformat.java.FormatterIntegrationTest" time="0.002"/>
  <testcase name="idempotentCR[119: I1]" classname="com.google.googlejavaformat.java.FormatterIntegrationTest" time="0.003"/>
  <testcase name="idempotentLF[119: I1]" classname="com.google.googlejavaformat.java.FormatterIntegrationTest" time="0.002"/>
  <testcase name="idempotentCRLF[119: I1]" classname="com.google.googlejavaformat.java.FormatterIntegrationTest" time="0.003"/>
  <testcase name="format[120: I12]" classname="com.google.googlejavaformat.java.FormatterIntegrationTest" time="0.001"/>
  <testcase name="idempotentCR[120: I12]" classname="com.google.googlejavaformat.java.FormatterIntegrationTest" time="0.001"/>
  <testcase name="idempotentLF[120: I12]" classname="com.google.googlejavaformat.java.FormatterIntegrationTest" time="0.002"/>
  <testcase name="idempotentCRLF[120: I12]" classname="com.google.googlejavaformat.java.FormatterIntegrationTest" time="0.001"/>
  <testcase name="format[121: I13]" classname="com.google.googlejavaformat.java.FormatterIntegrationTest" time="0.001"/>
  <testcase name="idempotentCR[121: I13]" classname="com.google.googlejavaformat.java.FormatterIntegrationTest" time="0.001"/>
  <testcase name="idempotentLF[121: I13]" classname="com.google.googlejavaformat.java.FormatterIntegrationTest" time="0.001"/>
  <testcase name="idempotentCRLF[121: I13]" classname="com.google.googlejavaformat.java.FormatterIntegrationTest" time="0.001"/>
  <testcase name="format[122: I202]" classname="com.google.googlejavaformat.java.FormatterIntegrationTest" time="0.001"/>
  <testcase name="idempotentCR[122: I202]" classname="com.google.googlejavaformat.java.FormatterIntegrationTest" time="0.001"/>
  <testcase name="idempotentLF[122: I202]" classname="com.google.googlejavaformat.java.FormatterIntegrationTest" time="0.002"/>
  <testcase name="idempotentCRLF[122: I202]" classname="com.google.googlejavaformat.java.FormatterIntegrationTest" time="0.001"/>
  <testcase name="format[123: I365]" classname="com.google.googlejavaformat.java.FormatterIntegrationTest" time="0.001"/>
  <testcase name="idempotentCR[123: I365]" classname="com.google.googlejavaformat.java.FormatterIntegrationTest" time="0.002"/>
  <testcase name="idempotentLF[123: I365]" classname="com.google.googlejavaformat.java.FormatterIntegrationTest" time="0.001"/>
  <testcase name="idempotentCRLF[123: I365]" classname="com.google.googlejavaformat.java.FormatterIntegrationTest" time="0.001"/>
  <testcase name="format[124: I374]" classname="com.google.googlejavaformat.java.FormatterIntegrationTest" time="0.002"/>
  <testcase name="idempotentCR[124: I374]" classname="com.google.googlejavaformat.java.FormatterIntegrationTest" time="0.001"/>
  <testcase name="idempotentLF[124: I374]" classname="com.google.googlejavaformat.java.FormatterIntegrationTest" time="0.001"/>
  <testcase name="idempotentCRLF[124: I374]" classname="com.google.googlejavaformat.java.FormatterIntegrationTest" time="0.002"/>
  <testcase name="format[125: L]" classname="com.google.googlejavaformat.java.FormatterIntegrationTest" time="0.001"/>
  <testcase name="idempotentCR[125: L]" classname="com.google.googlejavaformat.java.FormatterIntegrationTest" time="0.002"/>
  <testcase name="idempotentLF[125: L]" classname="com.google.googlejavaformat.java.FormatterIntegrationTest" time="0.002"/>
  <testcase name="idempotentCRLF[125: L]" classname="com.google.googlejavaformat.java.FormatterIntegrationTest" time="0.001"/>
  <testcase name="format[126: LocalAnnotations]" classname="com.google.googlejavaformat.java.FormatterIntegrationTest" time="0.002"/>
  <testcase name="idempotentCR[126: LocalAnnotations]" classname="com.google.googlejavaformat.java.FormatterIntegrationTest" time="0.001"/>
  <testcase name="idempotentLF[126: LocalAnnotations]" classname="com.google.googlejavaformat.java.FormatterIntegrationTest" time="0.001"/>
  <testcase name="idempotentCRLF[126: LocalAnnotations]" classname="com.google.googlejavaformat.java.FormatterIntegrationTest" time="0.002"/>
  <testcase name="format[127: M]" classname="com.google.googlejavaformat.java.FormatterIntegrationTest" time="0.035"/>
  <testcase name="idempotentCR[127: M]" classname="com.google.googlejavaformat.java.FormatterIntegrationTest" time="0.032"/>
  <testcase name="idempotentLF[127: M]" classname="com.google.googlejavaformat.java.FormatterIntegrationTest" time="0.031"/>
  <testcase name="idempotentCRLF[127: M]" classname="com.google.googlejavaformat.java.FormatterIntegrationTest" time="0.034"/>
  <testcase name="format[128: M1]" classname="com.google.googlejavaformat.java.FormatterIntegrationTest" time="0.004"/>
  <testcase name="idempotentCR[128: M1]" classname="com.google.googlejavaformat.java.FormatterIntegrationTest" time="0.002"/>
  <testcase name="idempotentLF[128: M1]" classname="com.google.googlejavaformat.java.FormatterIntegrationTest" time="0.003"/>
  <testcase name="idempotentCRLF[128: M1]" classname="com.google.googlejavaformat.java.FormatterIntegrationTest" time="0.002"/>
  <testcase name="format[129: M2]" classname="com.google.googlejavaformat.java.FormatterIntegrationTest" time="0.001"/>
  <testcase name="idempotentCR[129: M2]" classname="com.google.googlejavaformat.java.FormatterIntegrationTest" time="0.001"/>
  <testcase name="idempotentLF[129: M2]" classname="com.google.googlejavaformat.java.FormatterIntegrationTest" time="0.001"/>
  <testcase name="idempotentCRLF[129: M2]" classname="com.google.googlejavaformat.java.FormatterIntegrationTest" time="0.001"/>
  <testcase name="format[130: M3]" classname="com.google.googlejavaformat.java.FormatterIntegrationTest" time="0.001"/>
  <testcase name="idempotentCR[130: M3]" classname="com.google.googlejavaformat.java.FormatterIntegrationTest" time="0.001"/>
  <testcase name="idempotentLF[130: M3]" classname="com.google.googlejavaformat.java.FormatterIntegrationTest" time="0.001"/>
  <testcase name="idempotentCRLF[130: M3]" classname="com.google.googlejavaformat.java.FormatterIntegrationTest" time="0.001"/>
  <testcase name="format[131: MarkerAnnotation]" classname="com.google.googlejavaformat.java.FormatterIntegrationTest" time="0.002"/>
  <testcase name="idempotentCR[131: MarkerAnnotation]" classname="com.google.googlejavaformat.java.FormatterIntegrationTest" time="0.001"/>
  <testcase name="idempotentLF[131: MarkerAnnotation]" classname="com.google.googlejavaformat.java.FormatterIntegrationTest" time="0.001"/>
  <testcase name="idempotentCRLF[131: MarkerAnnotation]" classname="com.google.googlejavaformat.java.FormatterIntegrationTest" time="0.001"/>
  <testcase name="format[132: Multivariables]" classname="com.google.googlejavaformat.java.FormatterIntegrationTest" time="0.003"/>
  <testcase name="idempotentCR[132: Multivariables]" classname="com.google.googlejavaformat.java.FormatterIntegrationTest" time="0.001"/>
  <testcase name="idempotentLF[132: Multivariables]" classname="com.google.googlejavaformat.java.FormatterIntegrationTest" time="0.002"/>
  <testcase name="idempotentCRLF[132: Multivariables]" classname="com.google.googlejavaformat.java.FormatterIntegrationTest" time="0.002"/>
  <testcase name="format[133: N]" classname="com.google.googlejavaformat.java.FormatterIntegrationTest" time="0.003"/>
  <testcase name="idempotentCR[133: N]" classname="com.google.googlejavaformat.java.FormatterIntegrationTest" time="0.002"/>
  <testcase name="idempotentLF[133: N]" classname="com.google.googlejavaformat.java.FormatterIntegrationTest" time="0.003"/>
  <testcase name="idempotentCRLF[133: N]" classname="com.google.googlejavaformat.java.FormatterIntegrationTest" time="0.002"/>
  <testcase name="format[134: NormalAnnotation]" classname="com.google.googlejavaformat.java.FormatterIntegrationTest" time="0.002"/>
  <testcase name="idempotentCR[134: NormalAnnotation]" classname="com.google.googlejavaformat.java.FormatterIntegrationTest" time="0.002"/>
  <testcase name="idempotentLF[134: NormalAnnotation]" classname="com.google.googlejavaformat.java.FormatterIntegrationTest" time="0.002"/>
  <testcase name="idempotentCRLF[134: NormalAnnotation]" classname="com.google.googlejavaformat.java.FormatterIntegrationTest" time="0.002"/>
  <testcase name="format[135: P]" classname="com.google.googlejavaformat.java.FormatterIntegrationTest" time="0.002"/>
  <testcase name="idempotentCR[135: P]" classname="com.google.googlejavaformat.java.FormatterIntegrationTest" time="0.002"/>
  <testcase name="idempotentLF[135: P]" classname="com.google.googlejavaformat.java.FormatterIntegrationTest" time="0.003"/>
  <testcase name="idempotentCRLF[135: P]" classname="com.google.googlejavaformat.java.FormatterIntegrationTest" time="0.002"/>
  <testcase name="format[136: Pair]" classname="com.google.googlejavaformat.java.FormatterIntegrationTest" time="0.002"/>
  <testcase name="idempotentCR[136: Pair]" classname="com.google.googlejavaformat.java.FormatterIntegrationTest" time="0.002"/>
  <testcase name="idempotentLF[136: Pair]" classname="com.google.googlejavaformat.java.FormatterIntegrationTest" time="0.001"/>
  <testcase name="idempotentCRLF[136: Pair]" classname="com.google.googlejavaformat.java.FormatterIntegrationTest" time="0.002"/>
  <testcase name="format[137: PairedArguments]" classname="com.google.googlejavaformat.java.FormatterIntegrationTest" time="0.002"/>
  <testcase name="idempotentCR[137: PairedArguments]" classname="com.google.googlejavaformat.java.FormatterIntegrationTest" time="0.003"/>
  <testcase name="idempotentLF[137: PairedArguments]" classname="com.google.googlejavaformat.java.FormatterIntegrationTest" time="0.002"/>
  <testcase name="idempotentCRLF[137: PairedArguments]" classname="com.google.googlejavaformat.java.FormatterIntegrationTest" time="0.002"/>
  <testcase name="format[138: Q]" classname="com.google.googlejavaformat.java.FormatterIntegrationTest" time="0.015"/>
  <testcase name="idempotentCR[138: Q]" classname="com.google.googlejavaformat.java.FormatterIntegrationTest" time="0.001"/>
  <testcase name="idempotentLF[138: Q]" classname="com.google.googlejavaformat.java.FormatterIntegrationTest" time="0.003"/>
  <testcase name="idempotentCRLF[138: Q]" classname="com.google.googlejavaformat.java.FormatterIntegrationTest" time="0.001"/>
  <testcase name="format[139: R]" classname="com.google.googlejavaformat.java.FormatterIntegrationTest" time="0.002"/>
  <testcase name="idempotentCR[139: R]" classname="com.google.googlejavaformat.java.FormatterIntegrationTest" time="0.002"/>
  <testcase name="idempotentLF[139: R]" classname="com.google.googlejavaformat.java.FormatterIntegrationTest" time="0.002"/>
  <testcase name="idempotentCRLF[139: R]" classname="com.google.googlejavaformat.java.FormatterIntegrationTest" time="0.002"/>
  <testcase name="format[140: S]" classname="com.google.googlejavaformat.java.FormatterIntegrationTest" time="0.003"/>
  <testcase name="idempotentCR[140: S]" classname="com.google.googlejavaformat.java.FormatterIntegrationTest" time="0.004"/>
  <testcase name="idempotentLF[140: S]" classname="com.google.googlejavaformat.java.FormatterIntegrationTest" time="0.002"/>
  <testcase name="idempotentCRLF[140: S]" classname="com.google.googlejavaformat.java.FormatterIntegrationTest" time="0.003"/>
  <testcase name="format[141: SingleMemberAnnotation]" classname="com.google.googlejavaformat.java.FormatterIntegrationTest" time="0.001"/>
  <testcase name="idempotentCR[141: SingleMemberAnnotation]" classname="com.google.googlejavaformat.java.FormatterIntegrationTest" time="0.001"/>
  <testcase name="idempotentLF[141: SingleMemberAnnotation]" classname="com.google.googlejavaformat.java.FormatterIntegrationTest" time="0.001"/>
  <testcase name="idempotentCRLF[141: SingleMemberAnnotation]" classname="com.google.googlejavaformat.java.FormatterIntegrationTest" time="0.001"/>
  <testcase name="format[142: SuperQualifier]" classname="com.google.googlejavaformat.java.FormatterIntegrationTest" time="0.002"/>
  <testcase name="idempotentCR[142: SuperQualifier]" classname="com.google.googlejavaformat.java.FormatterIntegrationTest" time="0.001"/>
  <testcase name="idempotentLF[142: SuperQualifier]" classname="com.google.googlejavaformat.java.FormatterIntegrationTest" time="0.002"/>
  <testcase name="idempotentCRLF[142: SuperQualifier]" classname="com.google.googlejavaformat.java.FormatterIntegrationTest" time="0.001"/>
  <testcase name="format[143: T]" classname="com.google.googlejavaformat.java.FormatterIntegrationTest" time="0.003"/>
  <testcase name="idempotentCR[143: T]" classname="com.google.googlejavaformat.java.FormatterIntegrationTest" time="0.001"/>
  <testcase name="idempotentLF[143: T]" classname="com.google.googlejavaformat.java.FormatterIntegrationTest" time="0.002"/>
  <testcase name="idempotentCRLF[143: T]" classname="com.google.googlejavaformat.java.FormatterIntegrationTest" time="0.002"/>
  <testcase name="format[144: TabularMixedSignInitializer]" classname="com.google.googlejavaformat.java.FormatterIntegrationTest" time="0.002"/>
  <testcase name="idempotentCR[144: TabularMixedSignInitializer]" classname="com.google.googlejavaformat.java.FormatterIntegrationTest" time="0.002"/>
  <testcase name="idempotentLF[144: TabularMixedSignInitializer]" classname="com.google.googlejavaformat.java.FormatterIntegrationTest" time="0.001"/>
  <testcase name="idempotentCRLF[144: TabularMixedSignInitializer]" classname="com.google.googlejavaformat.java.FormatterIntegrationTest" time="0.002"/>
  <testcase name="format[145: TryWithResources]" classname="com.google.googlejavaformat.java.FormatterIntegrationTest" time="0.002"/>
  <testcase name="idempotentCR[145: TryWithResources]" classname="com.google.googlejavaformat.java.FormatterIntegrationTest" time="0.003"/>
  <testcase name="idempotentLF[145: TryWithResources]" classname="com.google.googlejavaformat.java.FormatterIntegrationTest" time="0.002"/>
  <testcase name="idempotentCRLF[145: TryWithResources]" classname="com.google.googlejavaformat.java.FormatterIntegrationTest" time="0.002"/>
  <testcase name="format[146: U]" classname="com.google.googlejavaformat.java.FormatterIntegrationTest" time="0.002"/>
  <testcase name="idempotentCR[146: U]" classname="com.google.googlejavaformat.java.FormatterIntegrationTest" time="0.003"/>
  <testcase name="idempotentLF[146: U]" classname="com.google.googlejavaformat.java.FormatterIntegrationTest" time="0.003"/>
  <testcase name="idempotentCRLF[146: U]" classname="com.google.googlejavaformat.java.FormatterIntegrationTest" time="0.003"/>
  <testcase name="format[147: UnaryMinus]" classname="com.google.googlejavaformat.java.FormatterIntegrationTest" time="0.001"/>
  <testcase name="idempotentCR[147: UnaryMinus]" classname="com.google.googlejavaformat.java.FormatterIntegrationTest" time="0.001"/>
  <testcase name="idempotentLF[147: UnaryMinus]" classname="com.google.googlejavaformat.java.FormatterIntegrationTest" time="0.001"/>
  <testcase name="idempotentCRLF[147: UnaryMinus]" classname="com.google.googlejavaformat.java.FormatterIntegrationTest" time="0.001"/>
  <testcase name="format[148: Unformatted]" classname="com.google.googlejavaformat.java.FormatterIntegrationTest" time="0.005"/>
  <testcase name="idempotentCR[148: Unformatted]" classname="com.google.googlejavaformat.java.FormatterIntegrationTest" time="0.004"/>
  <testcase name="idempotentLF[148: Unformatted]" classname="com.google.googlejavaformat.java.FormatterIntegrationTest" time="0.005"/>
  <testcase name="idempotentCRLF[148: Unformatted]" classname="com.google.googlejavaformat.java.FormatterIntegrationTest" time="0.005"/>
  <testcase name="format[149: Unformatted2]" classname="com.google.googlejavaformat.java.FormatterIntegrationTest" time="0.002"/>
  <testcase name="idempotentCR[149: Unformatted2]" classname="com.google.googlejavaformat.java.FormatterIntegrationTest" time="0.001"/>
  <testcase name="idempotentLF[149: Unformatted2]" classname="com.google.googlejavaformat.java.FormatterIntegrationTest" time="0.002"/>
  <testcase name="idempotentCRLF[149: Unformatted2]" classname="com.google.googlejavaformat.java.FormatterIntegrationTest" time="0.001"/>
  <testcase name="format[150: Unformatted3]" classname="com.google.googlejavaformat.java.FormatterIntegrationTest" time="0.001"/>
  <testcase name="idempotentCR[150: Unformatted3]" classname="com.google.googlejavaformat.java.FormatterIntegrationTest" time="0.001"/>
  <testcase name="idempotentLF[150: Unformatted3]" classname="com.google.googlejavaformat.java.FormatterIntegrationTest" time="0.001"/>
  <testcase name="idempotentCRLF[150: Unformatted3]" classname="com.google.googlejavaformat.java.FormatterIntegrationTest" time="0.001"/>
  <testcase name="format[151: V]" classname="com.google.googlejavaformat.java.FormatterIntegrationTest" time="0.002"/>
  <testcase name="idempotentCR[151: V]" classname="com.google.googlejavaformat.java.FormatterIntegrationTest" time="0.001"/>
  <testcase name="idempotentLF[151: V]" classname="com.google.googlejavaformat.java.FormatterIntegrationTest" time="0.001"/>
  <testcase name="idempotentCRLF[151: V]" classname="com.google.googlejavaformat.java.FormatterIntegrationTest" time="0.001"/>
  <testcase name="format[152: W]" classname="com.google.googlejavaformat.java.FormatterIntegrationTest" time="0.001"/>
  <testcase name="idempotentCR[152: W]" classname="com.google.googlejavaformat.java.FormatterIntegrationTest" time="0.002"/>
  <testcase name="idempotentLF[152: W]" classname="com.google.googlejavaformat.java.FormatterIntegrationTest" time="0.002"/>
  <testcase name="idempotentCRLF[152: W]" classname="com.google.googlejavaformat.java.FormatterIntegrationTest" time="0.001"/>
  <testcase name="format[153: WildBound]" classname="com.google.googlejavaformat.java.FormatterIntegrationTest" time="0.001"/>
  <testcase name="idempotentCR[153: WildBound]" classname="com.google.googlejavaformat.java.FormatterIntegrationTest" time="0.001"/>
  <testcase name="idempotentLF[153: WildBound]" classname="com.google.googlejavaformat.java.FormatterIntegrationTest" time="0.001"/>
  <testcase name="idempotentCRLF[153: WildBound]" classname="com.google.googlejavaformat.java.FormatterIntegrationTest" time="0.001"/>
  <testcase name="format[154: i100]" classname="com.google.googlejavaformat.java.FormatterIntegrationTest" time="0.001"/>
  <testcase name="idempotentCR[154: i100]" classname="com.google.googlejavaformat.java.FormatterIntegrationTest" time="0.001"/>
  <testcase name="idempotentLF[154: i100]" classname="com.google.googlejavaformat.java.FormatterIntegrationTest" time="0.002"/>
  <testcase name="idempotentCRLF[154: i100]" classname="com.google.googlejavaformat.java.FormatterIntegrationTest" time="0.001"/>
  <testcase name="format[155: i101]" classname="com.google.googlejavaformat.java.FormatterIntegrationTest" time="0.001"/>
  <testcase name="idempotentCR[155: i101]" classname="com.google.googlejavaformat.java.FormatterIntegrationTest" time="0.001"/>
  <testcase name="idempotentLF[155: i101]" classname="com.google.googlejavaformat.java.FormatterIntegrationTest" time="0.001"/>
  <testcase name="idempotentCRLF[155: i101]" classname="com.google.googlejavaformat.java.FormatterIntegrationTest" time="0.001"/>
  <testcase name="format[156: i155]" classname="com.google.googlejavaformat.java.FormatterIntegrationTest" time="0.001"/>
  <testcase name="idempotentCR[156: i155]" classname="com.google.googlejavaformat.java.FormatterIntegrationTest" time="0.001"/>
  <testcase name="idempotentLF[156: i155]" classname="com.google.googlejavaformat.java.FormatterIntegrationTest" time="0.001"/>
  <testcase name="idempotentCRLF[156: i155]" classname="com.google.googlejavaformat.java.FormatterIntegrationTest" time="0.001"/>
  <testcase name="format[157: i176]" classname="com.google.googlejavaformat.java.FormatterIntegrationTest" time="0.001"/>
  <testcase name="idempotentCR[157: i176]" classname="com.google.googlejavaformat.java.FormatterIntegrationTest" time="0.001"/>
  <testcase name="idempotentLF[157: i176]" classname="com.google.googlejavaformat.java.FormatterIntegrationTest" time="0.001"/>
  <testcase name="idempotentCRLF[157: i176]" classname="com.google.googlejavaformat.java.FormatterIntegrationTest" time="0.001"/>
  <testcase name="format[158: i221]" classname="com.google.googlejavaformat.java.FormatterIntegrationTest" time="0.001"/>
  <testcase name="idempotentCR[158: i221]" classname="com.google.googlejavaformat.java.FormatterIntegrationTest" time="0.001"/>
  <testcase name="idempotentLF[158: i221]" classname="com.google.googlejavaformat.java.FormatterIntegrationTest" time="0.001"/>
  <testcase name="idempotentCRLF[158: i221]" classname="com.google.googlejavaformat.java.FormatterIntegrationTest" time="0.001"/>
  <testcase name="format[159: i281]" classname="com.google.googlejavaformat.java.FormatterIntegrationTest" time="0.002"/>
  <testcase name="idempotentCR[159: i281]" classname="com.google.googlejavaformat.java.FormatterIntegrationTest" time="0.001"/>
  <testcase name="idempotentLF[159: i281]" classname="com.google.googlejavaformat.java.FormatterIntegrationTest" time="0.001"/>
  <testcase name="idempotentCRLF[159: i281]" classname="com.google.googlejavaformat.java.FormatterIntegrationTest" time="0.001"/>
  <testcase name="format[160: i282]" classname="com.google.googlejavaformat.java.FormatterIntegrationTest" time="0.002"/>
  <testcase name="idempotentCR[160: i282]" classname="com.google.googlejavaformat.java.FormatterIntegrationTest" time="0.002"/>
  <testcase name="idempotentLF[160: i282]" classname="com.google.googlejavaformat.java.FormatterIntegrationTest" time="0.002"/>
  <testcase name="idempotentCRLF[160: i282]" classname="com.google.googlejavaformat.java.FormatterIntegrationTest" time="0.001"/>
  <testcase name="format[161: i55]" classname="com.google.googlejavaformat.java.FormatterIntegrationTest" time="0.001"/>
  <testcase name="idempotentCR[161: i55]" classname="com.google.googlejavaformat.java.FormatterIntegrationTest" time="0.002"/>
  <testcase name="idempotentLF[161: i55]" classname="com.google.googlejavaformat.java.FormatterIntegrationTest" time="0.001"/>
  <testcase name="idempotentCRLF[161: i55]" classname="com.google.googlejavaformat.java.FormatterIntegrationTest" time="0.002"/>
  <testcase name="format[162: i59]" classname="com.google.googlejavaformat.java.FormatterIntegrationTest" time="0.001"/>
  <testcase name="idempotentCR[162: i59]" classname="com.google.googlejavaformat.java.FormatterIntegrationTest" time="0.001"/>
  <testcase name="idempotentLF[162: i59]" classname="com.google.googlejavaformat.java.FormatterIntegrationTest" time="0.001"/>
  <testcase name="idempotentCRLF[162: i59]" classname="com.google.googlejavaformat.java.FormatterIntegrationTest" time="0.001"/>
  <testcase name="format[163: i60]" classname="com.google.googlejavaformat.java.FormatterIntegrationTest" time="0.001"/>
  <testcase name="idempotentCR[163: i60]" classname="com.google.googlejavaformat.java.FormatterIntegrationTest" time="0.001"/>
  <testcase name="idempotentLF[163: i60]" classname="com.google.googlejavaformat.java.FormatterIntegrationTest" time="0.002"/>
  <testcase name="idempotentCRLF[163: i60]" classname="com.google.googlejavaformat.java.FormatterIntegrationTest" time="0.001"/>
  <testcase name="format[164: i65]" classname="com.google.googlejavaformat.java.FormatterIntegrationTest" time="0.001"/>
  <testcase name="idempotentCR[164: i65]" classname="com.google.googlejavaformat.java.FormatterIntegrationTest" time="0.001"/>
  <testcase name="idempotentLF[164: i65]" classname="com.google.googlejavaformat.java.FormatterIntegrationTest" time="0.001"/>
  <testcase name="idempotentCRLF[164: i65]" classname="com.google.googlejavaformat.java.FormatterIntegrationTest" time="0.001"/>
  <testcase name="format[165: i66]" classname="com.google.googlejavaformat.java.FormatterIntegrationTest" time="0.001"/>
  <testcase name="idempotentCR[165: i66]" classname="com.google.googlejavaformat.java.FormatterIntegrationTest" time="0.001"/>
  <testcase name="idempotentLF[165: i66]" classname="com.google.googlejavaformat.java.FormatterIntegrationTest" time="0.001"/>
  <testcase name="idempotentCRLF[165: i66]" classname="com.google.googlejavaformat.java.FormatterIntegrationTest" time="0.001"/>
  <testcase name="format[166: i71]" classname="com.google.googlejavaformat.java.FormatterIntegrationTest" time="0.002"/>
  <testcase name="idempotentCR[166: i71]" classname="com.google.googlejavaformat.java.FormatterIntegrationTest" time="0.001"/>
  <testcase name="idempotentLF[166: i71]" classname="com.google.googlejavaformat.java.FormatterIntegrationTest" time="0.001"/>
  <testcase name="idempotentCRLF[166: i71]" classname="com.google.googlejavaformat.java.FormatterIntegrationTest" time="0.002"/>
  <testcase name="format[167: i95]" classname="com.google.googlejavaformat.java.FormatterIntegrationTest" time="0.006"/>
  <testcase name="idempotentCR[167: i95]" classname="com.google.googlejavaformat.java.FormatterIntegrationTest" time="0.001"/>
  <testcase name="idempotentLF[167: i95]" classname="com.google.googlejavaformat.java.FormatterIntegrationTest" time="0.001"/>
  <testcase name="idempotentCRLF[167: i95]" classname="com.google.googlejavaformat.java.FormatterIntegrationTest" time="0.001"/>
  <testcase name="format[168: i98]" classname="com.google.googlejavaformat.java.FormatterIntegrationTest" time="0.001"/>
  <testcase name="idempotentCR[168: i98]" classname="com.google.googlejavaformat.java.FormatterIntegrationTest" time="0.001"/>
  <testcase name="idempotentLF[168: i98]" classname="com.google.googlejavaformat.java.FormatterIntegrationTest" time="0.001"/>
  <testcase name="idempotentCRLF[168: i98]" classname="com.google.googlejavaformat.java.FormatterIntegrationTest" time="0.002"/>
  <testcase name="format[169: java11]" classname="com.google.googlejavaformat.java.FormatterIntegrationTest" time="0.001"/>
  <testcase name="idempotentCR[169: java11]" classname="com.google.googlejavaformat.java.FormatterIntegrationTest" time="0.001"/>
  <testcase name="idempotentLF[169: java11]" classname="com.google.googlejavaformat.java.FormatterIntegrationTest" time="0.001"/>
  <testcase name="idempotentCRLF[169: java11]" classname="com.google.googlejavaformat.java.FormatterIntegrationTest" time="0.001"/>
</testsuite>