<?xml version="1.0" encoding="UTF-8"?>
<testsuite name="com.google.googlejavaformat.java.JavadocFormattingTest" time="0.607" tests="61" errors="0" skipped="0" failures="0">
  <properties>
[...]
</properties>
  <testcase name="listItemWrap" classname="com.google.googlejavaformat.java.JavadocFormattingTest" time="0.345"/>
  <testcase name="commentMostlyUntouched" classname="com.google.googlejavaformat.java.JavadocFormattingTest" time="0.005"/>
  <testcase name="paragraphTagNewlines" classname="com.google.googlejavaformat.java.JavadocFormattingTest" time="0.023"/>
  <testcase name="javadocFullSentences" classname="com.google.googlejavaformat.java.JavadocFormattingTest" time="0.007"/>
  <testcase name="tableMostlyUntouched" classname="com.google.googlejavaformat.java.JavadocFormattingTest" time="0.006"/>
  <testcase name="blankLineBeforeParams" classname="com.google.googlejavaformat.java.JavadocFormattingTest" time="0.006"/>
  <testcase name="unicodeCharacterCountArguableBug" classname="com.google.googlejavaformat.java.JavadocFormattingTest" time="0.005"/>
  <testcase name="multilineWrap" classname="com.google.googlejavaformat.java.JavadocFormattingTest" time="0.005"/>
  <testcase name="removeInitialParagraphTag" classname="com.google.googlejavaformat.java.JavadocFormattingTest" time="0.005"/>
  <testcase name="moeComments" classname="com.google.googlejavaformat.java.JavadocFormattingTest" time="0.007"/>
  <testcase name="codeInCode" classname="com.google.googlejavaformat.java.JavadocFormattingTest" time="0.005"/>
  <testcase name="tooLong" classname="com.google.googlejavaformat.java.JavadocFormattingTest" time="0.004"/>
  <testcase name="lists2" classname="com.google.googlejavaformat.java.JavadocFormattingTest" time="0.005"/>
  <testcase name="moeCommentBeginOnlyInMiddleOfDoc" classname="com.google.googlejavaformat.java.JavadocFormattingTest" time="0.005"/>
  <testcase name="joinedAtSign" classname="com.google.googlejavaformat.java.JavadocFormattingTest" time="0.006"/>
  <testcase name="xhtmlParagraphTag" classname="com.google.googlejavaformat.java.JavadocFormattingTest" time="0.005"/>
  <testcase name="paragraphTag" classname="com.google.googlejavaformat.java.JavadocFormattingTest" time="0.004"/>
  <testcase name="simple" classname="com.google.googlejavaformat.java.JavadocFormattingTest" time="0.004"/>
  <testcase name="oneLinerWouldBe101" classname="com.google.googlejavaformat.java.JavadocFormattingTest" time="0.004"/>
  <testcase name="oneLinerWouldBe102" classname="com.google.googlejavaformat.java.JavadocFormattingTest" time="0.004"/>
  <testcase name="closeInnerListStillNewline" classname="com.google.googlejavaformat.java.JavadocFormattingTest" time="0.004"/>
  <testcase name="joinLines" classname="com.google.googlejavaformat.java.JavadocFormattingTest" time="0.003"/>
  <testcase name="joinedTokens" classname="com.google.googlejavaformat.java.JavadocFormattingTest" time="0.004"/>
  <testcase name="quotedTextSplitAcrossLinks" classname="com.google.googlejavaformat.java.JavadocFormattingTest" time="0.004"/>
  <testcase name="significantAsterisks" classname="com.google.googlejavaformat.java.JavadocFormattingTest" time="0.004"/>
  <testcase name="preCodeExample" classname="com.google.googlejavaformat.java.JavadocFormattingTest" time="0.003"/>
  <testcase name="paramsContinuationIndented" classname="com.google.googlejavaformat.java.JavadocFormattingTest" time="0.004"/>
  <testcase name="listItemSpaces" classname="com.google.googlejavaformat.java.JavadocFormattingTest" time="0.004"/>
  <testcase name="moeCommentEndOnly" classname="com.google.googlejavaformat.java.JavadocFormattingTest" time="0.003"/>
  <testcase name="br" classname="com.google.googlejavaformat.java.JavadocFormattingTest" time="0.003"/>
  <testcase name="onlyParams" classname="com.google.googlejavaformat.java.JavadocFormattingTest" time="0.004"/>
  <testcase name="unclosedList" classname="com.google.googlejavaformat.java.JavadocFormattingTest" time="0.003"/>
  <testcase name="empty" classname="com.google.googlejavaformat.java.JavadocFormattingTest" time="0.004"/>
  <testcase name="links" classname="com.google.googlejavaformat.java.JavadocFormattingTest" time="0.004"/>
  <testcase name="lists" classname="com.google.googlejavaformat.java.JavadocFormattingTest" time="0.003"/>
  <testcase name="brSpaceBug" classname="com.google.googlejavaformat.java.JavadocFormattingTest" time="0.003"/>
  <testcase name="u2028LineSeparator" classname="com.google.googlejavaformat.java.JavadocFormattingTest" time="0.004"/>
  <testcase name="paramsOtherIndents" classname="com.google.googlejavaformat.java.JavadocFormattingTest" time="0.003"/>
  <testcase name="javaCodeInPre" classname="com.google.googlejavaformat.java.JavadocFormattingTest" time="0.004"/>
  <testcase name="preNotWrapped" classname="com.google.googlejavaformat.java.JavadocFormattingTest" time="0.004"/>
  <testcase name="javadocCanEndAnywhere" classname="com.google.googlejavaformat.java.JavadocFormattingTest" time="0.003"/>
  <testcase name="oneLinerIs100" classname="com.google.googlejavaformat.java.JavadocFormattingTest" time="0.004"/>
  <testcase name="emptyMultipleLines" classname="com.google.googlejavaformat.java.JavadocFormattingTest" time="0.003"/>
  <testcase name="heading" classname="com.google.googlejavaformat.java.JavadocFormattingTest" time="0.004"/>
  <testcase name="noAsterisk" classname="com.google.googlejavaformat.java.JavadocFormattingTest" time="0.003"/>
  <testcase name="windowsLineSeparator" classname="com.google.googlejavaformat.java.JavadocFormattingTest" time="0.007"/>
  <testcase name="inferParagraphTags" classname="com.google.googlejavaformat.java.JavadocFormattingTest" time="0.004"/>
  <testcase name="standardizeTags" classname="com.google.googlejavaformat.java.JavadocFormattingTest" time="0.003"/>
  <testcase name="unicodeEscapesNotInterpretedBug" classname="com.google.googlejavaformat.java.JavadocFormattingTest" time="0.004"/>
  <testcase name="notJavadoc" classname="com.google.googlejavaformat.java.JavadocFormattingTest" time="0.003"/>
  <testcase name="blockquote" classname="com.google.googlejavaformat.java.JavadocFormattingTest" time="0.004"/>
  <testcase name="htmlTagsInCode" classname="com.google.googlejavaformat.java.JavadocFormattingTest" time="0.004"/>
  <testcase name="joinedMultipleAtSign" classname="com.google.googlejavaformat.java.JavadocFormattingTest" time="0.004"/>
  <testcase name="moeCommentBeginOnlyAtEndOfDoc" classname="com.google.googlejavaformat.java.JavadocFormattingTest" time="0.004"/>
  <testcase name="javadocSentenceFragment" classname="com.google.googlejavaformat.java.JavadocFormattingTest" time="0.003"/>
  <testcase name="brAtSignBug" classname="com.google.googlejavaformat.java.JavadocFormattingTest" time="0.002"/>
  <testcase name="loneBraceDoesNotStartInlineTag" classname="com.google.googlejavaformat.java.JavadocFormattingTest" time="0.004"/>
  <testcase name="removeCloseTags" classname="com.google.googlejavaformat.java.JavadocFormattingTest" time="0.003"/>
  <testcase name="preMostlyUntouched" classname="com.google.googlejavaformat.java.JavadocFormattingTest" time="0.003"/>
  <testcase name="trailingLink" classname="com.google.googlejavaformat.java.JavadocFormattingTest" time="0.003"/>
  <testcase name="unicodeEscapesNotReplaced" classname="com.google.googlejavaformat.java.JavadocFormattingTest" time="0.003"/>
</testsuite>